  Moc'ing QXApplication.h...
  QXApplication.cpp
  QXLibrary.cpp
  xid.cpp
  moc_QXApplication.cpp
Qt5Designer.lib(qtpropertybrowser.obj) : warning LNK4006: "public: static struct QMetaObject const QtAbstractPropertyManager::staticMetaObject" (?staticMetaObject@QtAbstractPropertyManager@@2UQMetaObject@@B) 已在 QtSolutions_PropertyBrowser-head.lib(qtpropertybrowser.obj) 中定义；已忽略第二个定义
Qt5Designer.lib(qtpropertybrowser.obj) : warning LNK4006: "public: static struct QMetaObject const QtAbstractEditorFactoryBase::staticMetaObject" (?staticMetaObject@QtAbstractEditorFactoryBase@@2UQMetaObject@@B) 已在 QtSolutions_PropertyBrowser-head.lib(qtpropertybrowser.obj) 中定义；已忽略第二个定义
Qt5Designer.lib(qtpropertybrowser.obj) : warning LNK4006: "public: static struct QMetaObject const QtAbstractPropertyBrowser::staticMetaObject" (?staticMetaObject@QtAbstractPropertyBrowser@@2UQMetaObject@@B) 已在 QtSolutions_PropertyBrowser-head.lib(qtpropertybrowser.obj) 中定义；已忽略第二个定义
    正在创建库 E:\Developments\Cadaqs\caNamespace\castudio\xcross\xlang\xlang\xlibrarys\QXLibrary\x64\Release\QXLibrary.lib 和对象 E:\Developments\Cadaqs\caNamespace\castudio\xcross\xlang\xlang\xlibrarys\QXLibrary\x64\Release\QXLibrary.exp
E:\Developments\Cadaqs\caNamespace\castudio\xcross\xlang\xlang\xlibrarys\QXLibrary\x64\Release\QXLibrary.dll : warning LNK4088: 因 /FORCE 选项生成了映像；映像可能不能运行
  正在生成代码
  已完成代码的生成
Qt5Designer.lib(abstractformbuilder.obj) : warning LNK4006: "public: void __cdecl FormBuilderSaveLayoutEntry::setAlignment(class QFlags<enum Qt::AlignmentFlag>)" (?setAlignment@FormBuilderSaveLayoutEntry@@QEAAXV?$QFlags@W4AlignmentFlag@Qt@@@@@Z) 已在 Qt5UiTools.lib(abstractformbuilder.obj) 中定义；已忽略第二个定义
Qt5Designer.lib(qtpropertybrowser.obj) : warning LNK4006: "private: static void __cdecl QtAbstractPropertyManager::qt_static_metacall(class QObject *,enum QMetaObject::Call,int,void * *)" (?qt_static_metacall@QtAbstractPropertyManager@@CAXPEAVQObject@@W4Call@QMetaObject@@HPEAPEAX@Z) 已在 QtSolutions_PropertyBrowser-head.lib(qtpropertybrowser.obj) 中定义；已忽略第二个定义
Qt5Designer.lib(qtpropertybrowser.obj) : warning LNK4006: "private: static void __cdecl QtAbstractEditorFactoryBase::qt_static_metacall(class QObject *,enum QMetaObject::Call,int,void * *)" (?qt_static_metacall@QtAbstractEditorFactoryBase@@CAXPEAVQObject@@W4Call@QMetaObject@@HPEAPEAX@Z) 已在 QtSolutions_PropertyBrowser-head.lib(qtpropertybrowser.obj) 中定义；已忽略第二个定义
Qt5Designer.lib(qtpropertybrowser.obj) : warning LNK4006: "private: static void __cdecl QtAbstractPropertyBrowser::qt_static_metacall(class QObject *,enum QMetaObject::Call,int,void * *)" (?qt_static_metacall@QtAbstractPropertyBrowser@@CAXPEAVQObject@@W4Call@QMetaObject@@HPEAPEAX@Z) 已在 QtSolutions_PropertyBrowser-head.lib(qtpropertybrowser.obj) 中定义；已忽略第二个定义
Qt5Designer.lib(qtpropertybrowser.obj) : warning LNK4006: "public: __cdecl QtAbstractPropertyBrowser::QtAbstractPropertyBrowser(class QWidget *)" (??0QtAbstractPropertyBrowser@@QEAA@PEAVQWidget@@@Z) 已在 QtSolutions_PropertyBrowser-head.lib(qtpropertybrowser.obj) 中定义；已忽略第二个定义
Qt5Designer.lib(qtpropertybrowser.obj) : warning LNK4006: "public: __cdecl QtAbstractPropertyBrowserPrivate::QtAbstractPropertyBrowserPrivate(void)" (??0QtAbstractPropertyBrowserPrivate@@QEAA@XZ) 已在 QtSolutions_PropertyBrowser-head.lib(qtpropertybrowser.obj) 中定义；已忽略第二个定义
Qt5Designer.lib(qtpropertybrowser.obj) : warning LNK4006: "public: __cdecl QtAbstractPropertyManager::QtAbstractPropertyManager(class QObject *)" (??0QtAbstractPropertyManager@@QEAA@PEAVQObject@@@Z) 已在 QtSolutions_PropertyBrowser-head.lib(qtpropertybrowser.obj) 中定义；已忽略第二个定义
Qt5Designer.lib(qtpropertybrowser.obj) : warning LNK4006: "private: __cdecl QtBrowserItem::QtBrowserItem(class QtAbstractPropertyBrowser *,class QtProperty *,class QtBrowserItem *)" (??0QtBrowserItem@@AEAA@PEAVQtAbstractPropertyBrowser@@PEAVQtProperty@@PEAV0@@Z) 已在 QtSolutions_PropertyBrowser-head.lib(qtpropertybrowser.obj) 中定义；已忽略第二个定义
Qt5Designer.lib(qtpropertybrowser.obj) : warning LNK4006: "protected: __cdecl QtProperty::QtProperty(class QtAbstractPropertyManager *)" (??0QtProperty@@IEAA@PEAVQtAbstractPropertyManager@@@Z) 已在 QtSolutions_PropertyBrowser-head.lib(qtpropertybrowser.obj) 中定义；已忽略第二个定义
Qt5Designer.lib(qtpropertybrowser.obj) : warning LNK4006: "public: virtual __cdecl QtAbstractPropertyBrowser::~QtAbstractPropertyBrowser(void)" (??1QtAbstractPropertyBrowser@@UEAA@XZ) 已在 QtSolutions_PropertyBrowser-head.lib(qtpropertybrowser.obj) 中定义；已忽略第二个定义
Qt5Designer.lib(qtpropertybrowser.obj) : warning LNK4006: "public: virtual __cdecl QtAbstractPropertyManager::~QtAbstractPropertyManager(void)" (??1QtAbstractPropertyManager@@UEAA@XZ) 已在 QtSolutions_PropertyBrowser-head.lib(qtpropertybrowser.obj) 中定义；已忽略第二个定义
Qt5Designer.lib(qtpropertybrowser.obj) : warning LNK4006: "private: __cdecl QtBrowserItem::~QtBrowserItem(void)" (??1QtBrowserItem@@AEAA@XZ) 已在 QtSolutions_PropertyBrowser-head.lib(qtpropertybrowser.obj) 中定义；已忽略第二个定义
Qt5Designer.lib(qtpropertybrowser.obj) : warning LNK4006: "public: virtual __cdecl QtProperty::~QtProperty(void)" (??1QtProperty@@UEAA@XZ) 已在 QtSolutions_PropertyBrowser-head.lib(qtpropertybrowser.obj) 中定义；已忽略第二个定义
Qt5Designer.lib(qtpropertybrowser.obj) : warning LNK4006: "public: void __cdecl QtBrowserItemPrivate::addChild(class QtBrowserItem *,class QtBrowserItem *)" (?addChild@QtBrowserItemPrivate@@QEAAXPEAVQtBrowserItem@@0@Z) 已在 QtSolutions_PropertyBrowser-head.lib(qtpropertybrowser.obj) 中定义；已忽略第二个定义
Qt5Designer.lib(qtpropertybrowser.obj) : warning LNK4006: "private: bool __cdecl QtAbstractPropertyBrowser::addFactory(class QtAbstractPropertyManager *,class QtAbstractEditorFactoryBase *)" (?addFactory@QtAbstractPropertyBrowser@@AEAA_NPEAVQtAbstractPropertyManager@@PEAVQtAbstractEditorFactoryBase@@@Z) 已在 QtSolutions_PropertyBrowser-head.lib(qtpropertybrowser.obj) 中定义；已忽略第二个定义
Qt5Designer.lib(qtpropertybrowser.obj) : warning LNK4006: "public: class QtBrowserItem * __cdecl QtAbstractPropertyBrowser::addProperty(class QtProperty *)" (?addProperty@QtAbstractPropertyBrowser@@QEAAPEAVQtBrowserItem@@PEAVQtProperty@@@Z) 已在 QtSolutions_PropertyBrowser-head.lib(qtpropertybrowser.obj) 中定义；已忽略第二个定义
Qt5Designer.lib(qtpropertybrowser.obj) : warning LNK4006: "public: class QtProperty * __cdecl QtAbstractPropertyManager::addProperty(class QString const &)" (?addProperty@QtAbstractPropertyManager@@QEAAPEAVQtProperty@@AEBVQString@@@Z) 已在 QtSolutions_PropertyBrowser-head.lib(qtpropertybrowser.obj) 中定义；已忽略第二个定义
Qt5Designer.lib(qtpropertybrowser.obj) : warning LNK4006: "public: void __cdecl QtProperty::addSubProperty(class QtProperty *)" (?addSubProperty@QtProperty@@QEAAXPEAV1@@Z) 已在 QtSolutions_PropertyBrowser-head.lib(qtpropertybrowser.obj) 中定义；已忽略第二个定义
Qt5Designer.lib(qtpropertybrowser.obj) : warning LNK4006: "public: class QtAbstractPropertyBrowser * __cdecl QtBrowserItem::browser(void)const " (?browser@QtBrowserItem@@QEBAPEAVQtAbstractPropertyBrowser@@XZ) 已在 QtSolutions_PropertyBrowser-head.lib(qtpropertybrowser.obj) 中定义；已忽略第二个定义
Qt5Designer.lib(qtpropertybrowser.obj) : warning LNK4006: "public: class QList<class QtBrowserItem *> __cdecl QtBrowserItem::children(void)const " (?children@QtBrowserItem@@QEBA?AV?$QList@PEAVQtBrowserItem@@@@XZ) 已在 QtSolutions_PropertyBrowser-head.lib(qtpropertybrowser.obj) 中定义；已忽略第二个定义
Qt5Designer.lib(qtpropertybrowser.obj) : warning LNK4006: "public: void __cdecl QtAbstractPropertyBrowser::clear(void)" (?clear@QtAbstractPropertyBrowser@@QEAAXXZ) 已在 QtSolutions_PropertyBrowser-head.lib(qtpropertybrowser.obj) 中定义；已忽略第二个定义
Qt5Designer.lib(qtpropertybrowser.obj) : warning LNK4006: "public: void __cdecl QtAbstractPropertyManager::clear(void)const " (?clear@QtAbstractPropertyManager@@QEBAXXZ) 已在 QtSolutions_PropertyBrowser-head.lib(qtpropertybrowser.obj) 中定义；已忽略第二个定义
Qt5Designer.lib(qtpropertybrowser.obj) : warning LNK4006: "public: void __cdecl QtAbstractPropertyBrowserPrivate::clearIndex(class QtBrowserItem *)" (?clearIndex@QtAbstractPropertyBrowserPrivate@@QEAAXPEAVQtBrowserItem@@@Z) 已在 QtSolutions_PropertyBrowser-head.lib(qtpropertybrowser.obj) 中定义；已忽略第二个定义
Qt5Designer.lib(qtpropertybrowser.obj) : warning LNK4006: "public: class QtBrowserItem * __cdecl QtAbstractPropertyBrowserPrivate::createBrowserIndex(class QtProperty *,class QtBrowserItem *,class QtBrowserItem *)" (?createBrowserIndex@QtAbstractPropertyBrowserPrivate@@QEAAPEAVQtBrowserItem@@PEAVQtProperty@@PEAV2@1@Z) 已在 QtSolutions_PropertyBrowser-head.lib(qtpropertybrowser.obj) 中定义；已忽略第二个定义
Qt5Designer.lib(qtpropertybrowser.obj) : warning LNK4006: "public: void __cdecl QtAbstractPropertyBrowserPrivate::createBrowserIndexes(class QtProperty *,class QtProperty *,class QtProperty *)" (?createBrowserIndexes@QtAbstractPropertyBrowserPrivate@@QEAAXPEAVQtProperty@@00@Z) 已在 QtSolutions_PropertyBrowser-head.lib(qtpropertybrowser.obj) 中定义；已忽略第二个定义
Qt5Designer.lib(qtpropertybrowser.obj) : warning LNK4006: "protected: virtual class QWidget * __cdecl QtAbstractPropertyBrowser::createEditor(class QtProperty *,class QWidget *)" (?createEditor@QtAbstractPropertyBrowser@@MEAAPEAVQWidget@@PEAVQtProperty@@PEAV2@@Z) 已在 QtSolutions_PropertyBrowser-head.lib(qtpropertybrowser.obj) 中定义；已忽略第二个定义
Qt5Designer.lib(qtpropertybrowser.obj) : warning LNK4006: "protected: virtual class QtProperty * __cdecl QtAbstractPropertyManager::createProperty(void)" (?createProperty@QtAbstractPropertyManager@@MEAAPEAVQtProperty@@XZ) 已在 QtSolutions_PropertyBrowser-head.lib(qtpropertybrowser.obj) 中定义；已忽略第二个定义
Qt5Designer.lib(qtpropertybrowser.obj) : warning LNK4006: "public: class QtBrowserItem * __cdecl QtAbstractPropertyBrowser::currentItem(void)const " (?currentItem@QtAbstractPropertyBrowser@@QEBAPEAVQtBrowserItem@@XZ) 已在 QtSolutions_PropertyBrowser-head.lib(qtpropertybrowser.obj) 中定义；已忽略第二个定义
Qt5Designer.lib(qtpropertybrowser.obj) : warning LNK4006: "public: void __cdecl QtAbstractPropertyBrowser::currentItemChanged(class QtBrowserItem *)" (?currentItemChanged@QtAbstractPropertyBrowser@@QEAAXPEAVQtBrowserItem@@@Z) 已在 QtSolutions_PropertyBrowser-head.lib(qtpropertybrowser.obj) 中定义；已忽略第二个定义
Qt5Designer.lib(qtpropertybrowser.obj) : warning LNK4006: "protected: virtual bool __cdecl QtAbstractPropertyManager::hasValue(class QtProperty const *)const " (?hasValue@QtAbstractPropertyManager@@MEBA_NPEBVQtProperty@@@Z) 已在 QtSolutions_PropertyBrowser-head.lib(qtpropertybrowser.obj) 中定义；已忽略第二个定义
Qt5Designer.lib(qtpropertybrowser.obj) : warning LNK4006: "public: bool __cdecl QtProperty::hasValue(void)const " (?hasValue@QtProperty@@QEBA_NXZ) 已在 QtSolutions_PropertyBrowser-head.lib(qtpropertybrowser.obj) 中定义；已忽略第二个定义
Qt5Designer.lib(qtpropertybrowser.obj) : warning LNK4006: "public: class QtBrowserItem * __cdecl QtAbstractPropertyBrowser::insertProperty(class QtProperty *,class QtProperty *)" (?insertProperty@QtAbstractPropertyBrowser@@QEAAPEAVQtBrowserItem@@PEAVQtProperty@@0@Z) 已在 QtSolutions_PropertyBrowser-head.lib(qtpropertybrowser.obj) 中定义；已忽略第二个定义
Qt5Designer.lib(qtpropertybrowser.obj) : warning LNK4006: "public: void __cdecl QtProperty::insertSubProperty(class QtProperty *,class QtProperty *)" (?insertSubProperty@QtProperty@@QEAAXPEAV1@0@Z) 已在 QtSolutions_PropertyBrowser-head.lib(qtpropertybrowser.obj) 中定义；已忽略第二个定义
Qt5Designer.lib(qtpropertybrowser.obj) : warning LNK4006: "public: void __cdecl QtAbstractPropertyBrowserPrivate::insertSubTree(class QtProperty *,class QtProperty *)" (?insertSubTree@QtAbstractPropertyBrowserPrivate@@QEAAXPEAVQtProperty@@0@Z) 已在 QtSolutions_PropertyBrowser-head.lib(qtpropertybrowser.obj) 中定义；已忽略第二个定义
Qt5Designer.lib(qtpropertybrowser.obj) : warning LNK4006: "public: bool __cdecl QtProperty::isEnabled(void)const " (?isEnabled@QtProperty@@QEBA_NXZ) 已在 QtSolutions_PropertyBrowser-head.lib(qtpropertybrowser.obj) 中定义；已忽略第二个定义
Qt5Designer.lib(qtpropertybrowser.obj) : warning LNK4006: "public: bool __cdecl QtProperty::isModified(void)const " (?isModified@QtProperty@@QEBA_NXZ) 已在 QtSolutions_PropertyBrowser-head.lib(qtpropertybrowser.obj) 中定义；已忽略第二个定义
Qt5Designer.lib(qtpropertybrowser.obj) : warning LNK4006: "public: class QList<class QtBrowserItem *> __cdecl QtAbstractPropertyBrowser::items(class QtProperty *)const " (?items@QtAbstractPropertyBrowser@@QEBA?AV?$QList@PEAVQtBrowserItem@@@@PEAVQtProperty@@@Z) 已在 QtSolutions_PropertyBrowser-head.lib(qtpropertybrowser.obj) 中定义；已忽略第二个定义
Qt5Designer.lib(qtpropertybrowser.obj) : warning LNK4006: "public: virtual struct QMetaObject const * __cdecl QtAbstractEditorFactoryBase::metaObject(void)const " (?metaObject@QtAbstractEditorFactoryBase@@UEBAPEBUQMetaObject@@XZ) 已在 QtSolutions_PropertyBrowser-head.lib(qtpropertybrowser.obj) 中定义；已忽略第二个定义
Qt5Designer.lib(qtpropertybrowser.obj) : warning LNK4006: "public: virtual struct QMetaObject const * __cdecl QtAbstractPropertyBrowser::metaObject(void)const " (?metaObject@QtAbstractPropertyBrowser@@UEBAPEBUQMetaObject@@XZ) 已在 QtSolutions_PropertyBrowser-head.lib(qtpropertybrowser.obj) 中定义；已忽略第二个定义
Qt5Designer.lib(qtpropertybrowser.obj) : warning LNK4006: "public: virtual struct QMetaObject const * __cdecl QtAbstractPropertyManager::metaObject(void)const " (?metaObject@QtAbstractPropertyManager@@UEBAPEBUQMetaObject@@XZ) 已在 QtSolutions_PropertyBrowser-head.lib(qtpropertybrowser.obj) 中定义；已忽略第二个定义
Qt5Designer.lib(qtpropertybrowser.obj) : warning LNK4006: "public: class QtBrowserItem * __cdecl QtBrowserItem::parent(void)const " (?parent@QtBrowserItem@@QEBAPEAV1@XZ) 已在 QtSolutions_PropertyBrowser-head.lib(qtpropertybrowser.obj) 中定义；已忽略第二个定义
Qt5Designer.lib(qtpropertybrowser.obj) : warning LNK4006: "public: class QList<class QtProperty *> __cdecl QtAbstractPropertyBrowser::properties(void)const " (?properties@QtAbstractPropertyBrowser@@QEBA?AV?$QList@PEAVQtProperty@@@@XZ) 已在 QtSolutions_PropertyBrowser-head.lib(qtpropertybrowser.obj) 中定义；已忽略第二个定义
Qt5Designer.lib(qtpropertybrowser.obj) : warning LNK4006: "public: class QSet<class QtProperty *> __cdecl QtAbstractPropertyManager::properties(void)const " (?properties@QtAbstractPropertyManager@@QEBA?AV?$QSet@PEAVQtProperty@@@@XZ) 已在 QtSolutions_PropertyBrowser-head.lib(qtpropertybrowser.obj) 中定义；已忽略第二个定义
Qt5Designer.lib(qtpropertybrowser.obj) : warning LNK4006: "public: class QtProperty * __cdecl QtBrowserItem::property(void)const " (?property@QtBrowserItem@@QEBAPEAVQtProperty@@XZ) 已在 QtSolutions_PropertyBrowser-head.lib(qtpropertybrowser.obj) 中定义；已忽略第二个定义
Qt5Designer.lib(qtpropertybrowser.obj) : warning LNK4006: "public: void __cdecl QtAbstractPropertyManager::propertyChanged(class QtProperty *)" (?propertyChanged@QtAbstractPropertyManager@@QEAAXPEAVQtProperty@@@Z) 已在 QtSolutions_PropertyBrowser-head.lib(qtpropertybrowser.obj) 中定义；已忽略第二个定义
Qt5Designer.lib(qtpropertybrowser.obj) : warning LNK4006: "public: void __cdecl QtAbstractPropertyManagerPrivate::propertyChanged(class QtProperty *)const " (?propertyChanged@QtAbstractPropertyManagerPrivate@@QEBAXPEAVQtProperty@@@Z) 已在 QtSolutions_PropertyBrowser-head.lib(qtpropertybrowser.obj) 中定义；已忽略第二个定义
Qt5Designer.lib(qtpropertybrowser.obj) : warning LNK4006: "protected: void __cdecl QtProperty::propertyChanged(void)" (?propertyChanged@QtProperty@@IEAAXXZ) 已在 QtSolutions_PropertyBrowser-head.lib(qtpropertybrowser.obj) 中定义；已忽略第二个定义
Qt5Designer.lib(qtpropertybrowser.obj) : warning LNK4006: "public: void __cdecl QtAbstractPropertyManager::propertyDestroyed(class QtProperty *)" (?propertyDestroyed@QtAbstractPropertyManager@@QEAAXPEAVQtProperty@@@Z) 已在 QtSolutions_PropertyBrowser-head.lib(qtpropertybrowser.obj) 中定义；已忽略第二个定义
Qt5Designer.lib(qtpropertybrowser.obj) : warning LNK4006: "public: void __cdecl QtAbstractPropertyManagerPrivate::propertyDestroyed(class QtProperty *)" (?propertyDestroyed@QtAbstractPropertyManagerPrivate@@QEAAXPEAVQtProperty@@@Z) 已在 QtSolutions_PropertyBrowser-head.lib(qtpropertybrowser.obj) 中定义；已忽略第二个定义
Qt5Designer.lib(qtpropertybrowser.obj) : warning LNK4006: "public: void __cdecl QtAbstractPropertyManager::propertyInserted(class QtProperty *,class QtProperty *,class QtProperty *)" (?propertyInserted@QtAbstractPropertyManager@@QEAAXPEAVQtProperty@@00@Z) 已在 QtSolutions_PropertyBrowser-head.lib(qtpropertybrowser.obj) 中定义；已忽略第二个定义
Qt5Designer.lib(qtpropertybrowser.obj) : warning LNK4006: "public: void __cdecl QtAbstractPropertyManagerPrivate::propertyInserted(class QtProperty *,class QtProperty *,class QtProperty *)const " (?propertyInserted@QtAbstractPropertyManagerPrivate@@QEBAXPEAVQtProperty@@00@Z) 已在 QtSolutions_PropertyBrowser-head.lib(qtpropertybrowser.obj) 中定义；已忽略第二个定义
Qt5Designer.lib(qtpropertybrowser.obj) : warning LNK4006: "public: class QtAbstractPropertyManager * __cdecl QtProperty::propertyManager(void)const " (?propertyManager@QtProperty@@QEBAPEAVQtAbstractPropertyManager@@XZ) 已在 QtSolutions_PropertyBrowser-head.lib(qtpropertybrowser.obj) 中定义；已忽略第二个定义
Qt5Designer.lib(qtpropertybrowser.obj) : warning LNK4006: "public: class QString __cdecl QtProperty::propertyName(void)const " (?propertyName@QtProperty@@QEBA?AVQString@@XZ) 已在 QtSolutions_PropertyBrowser-head.lib(qtpropertybrowser.obj) 中定义；已忽略第二个定义
Qt5Designer.lib(qtpropertybrowser.obj) : warning LNK4006: "public: void __cdecl QtAbstractPropertyManager::propertyRemoved(class QtProperty *,class QtProperty *)" (?propertyRemoved@QtAbstractPropertyManager@@QEAAXPEAVQtProperty@@0@Z) 已在 QtSolutions_PropertyBrowser-head.lib(qtpropertybrowser.obj) 中定义；已忽略第二个定义
Qt5Designer.lib(qtpropertybrowser.obj) : warning LNK4006: "public: void __cdecl QtAbstractPropertyManagerPrivate::propertyRemoved(class QtProperty *,class QtProperty *)const " (?propertyRemoved@QtAbstractPropertyManagerPrivate@@QEBAXPEAVQtProperty@@0@Z) 已在 QtSolutions_PropertyBrowser-head.lib(qtpropertybrowser.obj) 中定义；已忽略第二个定义
Qt5Designer.lib(qtpropertybrowser.obj) : warning LNK4006: "public: virtual int __cdecl QtAbstractEditorFactoryBase::qt_metacall(enum QMetaObject::Call,int,void * *)" (?qt_metacall@QtAbstractEditorFactoryBase@@UEAAHW4Call@QMetaObject@@HPEAPEAX@Z) 已在 QtSolutions_PropertyBrowser-head.lib(qtpropertybrowser.obj) 中定义；已忽略第二个定义
Qt5Designer.lib(qtpropertybrowser.obj) : warning LNK4006: "public: virtual int __cdecl QtAbstractPropertyBrowser::qt_metacall(enum QMetaObject::Call,int,void * *)" (?qt_metacall@QtAbstractPropertyBrowser@@UEAAHW4Call@QMetaObject@@HPEAPEAX@Z) 已在 QtSolutions_PropertyBrowser-head.lib(qtpropertybrowser.obj) 中定义；已忽略第二个定义
Qt5Designer.lib(qtpropertybrowser.obj) : warning LNK4006: "public: virtual int __cdecl QtAbstractPropertyManager::qt_metacall(enum QMetaObject::Call,int,void * *)" (?qt_metacall@QtAbstractPropertyManager@@UEAAHW4Call@QMetaObject@@HPEAPEAX@Z) 已在 QtSolutions_PropertyBrowser-head.lib(qtpropertybrowser.obj) 中定义；已忽略第二个定义
Qt5Designer.lib(qtpropertybrowser.obj) : warning LNK4006: "public: virtual void * __cdecl QtAbstractEditorFactoryBase::qt_metacast(char const *)" (?qt_metacast@QtAbstractEditorFactoryBase@@UEAAPEAXPEBD@Z) 已在 QtSolutions_PropertyBrowser-head.lib(qtpropertybrowser.obj) 中定义；已忽略第二个定义
Qt5Designer.lib(qtpropertybrowser.obj) : warning LNK4006: "public: virtual void * __cdecl QtAbstractPropertyBrowser::qt_metacast(char const *)" (?qt_metacast@QtAbstractPropertyBrowser@@UEAAPEAXPEBD@Z) 已在 QtSolutions_PropertyBrowser-head.lib(qtpropertybrowser.obj) 中定义；已忽略第二个定义
Qt5Designer.lib(qtpropertybrowser.obj) : warning LNK4006: "public: virtual void * __cdecl QtAbstractPropertyManager::qt_metacast(char const *)" (?qt_metacast@QtAbstractPropertyManager@@UEAAPEAXPEBD@Z) 已在 QtSolutions_PropertyBrowser-head.lib(qtpropertybrowser.obj) 中定义；已忽略第二个定义
Qt5Designer.lib(qtpropertybrowser.obj) : warning LNK4006: "public: void __cdecl QtAbstractPropertyBrowserPrivate::removeBrowserIndex(class QtBrowserItem *)" (?removeBrowserIndex@QtAbstractPropertyBrowserPrivate@@QEAAXPEAVQtBrowserItem@@@Z) 已在 QtSolutions_PropertyBrowser-head.lib(qtpropertybrowser.obj) 中定义；已忽略第二个定义
Qt5Designer.lib(qtpropertybrowser.obj) : warning LNK4006: "public: void __cdecl QtAbstractPropertyBrowserPrivate::removeBrowserIndexes(class QtProperty *,class QtProperty *)" (?removeBrowserIndexes@QtAbstractPropertyBrowserPrivate@@QEAAXPEAVQtProperty@@0@Z) 已在 QtSolutions_PropertyBrowser-head.lib(qtpropertybrowser.obj) 中定义；已忽略第二个定义
Qt5Designer.lib(qtpropertybrowser.obj) : warning LNK4006: "public: void __cdecl QtBrowserItemPrivate::removeChild(class QtBrowserItem *)" (?removeChild@QtBrowserItemPrivate@@QEAAXPEAVQtBrowserItem@@@Z) 已在 QtSolutions_PropertyBrowser-head.lib(qtpropertybrowser.obj) 中定义；已忽略第二个定义
Qt5Designer.lib(qtpropertybrowser.obj) : warning LNK4006: "public: void __cdecl QtAbstractPropertyBrowser::removeProperty(class QtProperty *)" (?removeProperty@QtAbstractPropertyBrowser@@QEAAXPEAVQtProperty@@@Z) 已在 QtSolutions_PropertyBrowser-head.lib(qtpropertybrowser.obj) 中定义；已忽略第二个定义
Qt5Designer.lib(qtpropertybrowser.obj) : warning LNK4006: "public: void __cdecl QtProperty::removeSubProperty(class QtProperty *)" (?removeSubProperty@QtProperty@@QEAAXPEAV1@@Z) 已在 QtSolutions_PropertyBrowser-head.lib(qtpropertybrowser.obj) 中定义；已忽略第二个定义
Qt5Designer.lib(qtpropertybrowser.obj) : warning LNK4006: "public: void __cdecl QtAbstractPropertyBrowserPrivate::removeSubTree(class QtProperty *,class QtProperty *)" (?removeSubTree@QtAbstractPropertyBrowserPrivate@@QEAAXPEAVQtProperty@@0@Z) 已在 QtSolutions_PropertyBrowser-head.lib(qtpropertybrowser.obj) 中定义；已忽略第二个定义
Qt5Designer.lib(qtpropertybrowser.obj) : warning LNK4006: "public: void __cdecl QtAbstractPropertyBrowser::setCurrentItem(class QtBrowserItem *)" (?setCurrentItem@QtAbstractPropertyBrowser@@QEAAXPEAVQtBrowserItem@@@Z) 已在 QtSolutions_PropertyBrowser-head.lib(qtpropertybrowser.obj) 中定义；已忽略第二个定义
Qt5Designer.lib(qtpropertybrowser.obj) : warning LNK4006: "public: void __cdecl QtProperty::setEnabled(bool)" (?setEnabled@QtProperty@@QEAAX_N@Z) 已在 QtSolutions_PropertyBrowser-head.lib(qtpropertybrowser.obj) 中定义；已忽略第二个定义
Qt5Designer.lib(qtpropertybrowser.obj) : warning LNK4006: "public: void __cdecl QtProperty::setModified(bool)" (?setModified@QtProperty@@QEAAX_N@Z) 已在 QtSolutions_PropertyBrowser-head.lib(qtpropertybrowser.obj) 中定义；已忽略第二个定义
Qt5Designer.lib(qtpropertybrowser.obj) : warning LNK4006: "public: void __cdecl QtProperty::setPropertyName(class QString const &)" (?setPropertyName@QtProperty@@QEAAXAEBVQString@@@Z) 已在 QtSolutions_PropertyBrowser-head.lib(qtpropertybrowser.obj) 中定义；已忽略第二个定义
Qt5Designer.lib(qtpropertybrowser.obj) : warning LNK4006: "public: void __cdecl QtProperty::setStatusTip(class QString const &)" (?setStatusTip@QtProperty@@QEAAXAEBVQString@@@Z) 已在 QtSolutions_PropertyBrowser-head.lib(qtpropertybrowser.obj) 中定义；已忽略第二个定义
Qt5Designer.lib(qtpropertybrowser.obj) : warning LNK4006: "public: void __cdecl QtProperty::setWhatsThis(class QString const &)" (?setWhatsThis@QtProperty@@QEAAXAEBVQString@@@Z) 已在 QtSolutions_PropertyBrowser-head.lib(qtpropertybrowser.obj) 中定义；已忽略第二个定义
Qt5Designer.lib(qtpropertybrowser.obj) : warning LNK4006: "public: void __cdecl QtAbstractPropertyBrowserPrivate::slotPropertyDataChanged(class QtProperty *)" (?slotPropertyDataChanged@QtAbstractPropertyBrowserPrivate@@QEAAXPEAVQtProperty@@@Z) 已在 QtSolutions_PropertyBrowser-head.lib(qtpropertybrowser.obj) 中定义；已忽略第二个定义
Qt5Designer.lib(qtpropertybrowser.obj) : warning LNK4006: "public: void __cdecl QtAbstractPropertyBrowserPrivate::slotPropertyDestroyed(class QtProperty *)" (?slotPropertyDestroyed@QtAbstractPropertyBrowserPrivate@@QEAAXPEAVQtProperty@@@Z) 已在 QtSolutions_PropertyBrowser-head.lib(qtpropertybrowser.obj) 中定义；已忽略第二个定义
Qt5Designer.lib(qtpropertybrowser.obj) : warning LNK4006: "public: void __cdecl QtAbstractPropertyBrowserPrivate::slotPropertyInserted(class QtProperty *,class QtProperty *,class QtProperty *)" (?slotPropertyInserted@QtAbstractPropertyBrowserPrivate@@QEAAXPEAVQtProperty@@00@Z) 已在 QtSolutions_PropertyBrowser-head.lib(qtpropertybrowser.obj) 中定义；已忽略第二个定义
Qt5Designer.lib(qtpropertybrowser.obj) : warning LNK4006: "public: void __cdecl QtAbstractPropertyBrowserPrivate::slotPropertyRemoved(class QtProperty *,class QtProperty *)" (?slotPropertyRemoved@QtAbstractPropertyBrowserPrivate@@QEAAXPEAVQtProperty@@0@Z) 已在 QtSolutions_PropertyBrowser-head.lib(qtpropertybrowser.obj) 中定义；已忽略第二个定义
Qt5Designer.lib(qtpropertybrowser.obj) : warning LNK4006: "public: class QString __cdecl QtProperty::statusTip(void)const " (?statusTip@QtProperty@@QEBA?AVQString@@XZ) 已在 QtSolutions_PropertyBrowser-head.lib(qtpropertybrowser.obj) 中定义；已忽略第二个定义
Qt5Designer.lib(qtpropertybrowser.obj) : warning LNK4006: "public: class QList<class QtProperty *> __cdecl QtProperty::subProperties(void)const " (?subProperties@QtProperty@@QEBA?AV?$QList@PEAVQtProperty@@@@XZ) 已在 QtSolutions_PropertyBrowser-head.lib(qtpropertybrowser.obj) 中定义；已忽略第二个定义
Qt5Designer.lib(qtpropertybrowser.obj) : warning LNK4006: "public: class QtBrowserItem * __cdecl QtAbstractPropertyBrowser::topLevelItem(class QtProperty *)const " (?topLevelItem@QtAbstractPropertyBrowser@@QEBAPEAVQtBrowserItem@@PEAVQtProperty@@@Z) 已在 QtSolutions_PropertyBrowser-head.lib(qtpropertybrowser.obj) 中定义；已忽略第二个定义
Qt5Designer.lib(qtpropertybrowser.obj) : warning LNK4006: "public: class QList<class QtBrowserItem *> __cdecl QtAbstractPropertyBrowser::topLevelItems(void)const " (?topLevelItems@QtAbstractPropertyBrowser@@QEBA?AV?$QList@PEAVQtBrowserItem@@@@XZ) 已在 QtSolutions_PropertyBrowser-head.lib(qtpropertybrowser.obj) 中定义；已忽略第二个定义
Qt5Designer.lib(qtpropertybrowser.obj) : warning LNK4006: "protected: virtual void __cdecl QtAbstractPropertyManager::uninitializeProperty(class QtProperty *)" (?uninitializeProperty@QtAbstractPropertyManager@@MEAAXPEAVQtProperty@@@Z) 已在 QtSolutions_PropertyBrowser-head.lib(qtpropertybrowser.obj) 中定义；已忽略第二个定义
Qt5Designer.lib(qtpropertybrowser.obj) : warning LNK4006: "public: void __cdecl QtAbstractPropertyBrowser::unsetFactoryForManager(class QtAbstractPropertyManager *)" (?unsetFactoryForManager@QtAbstractPropertyBrowser@@QEAAXPEAVQtAbstractPropertyManager@@@Z) 已在 QtSolutions_PropertyBrowser-head.lib(qtpropertybrowser.obj) 中定义；已忽略第二个定义
Qt5Designer.lib(qtpropertybrowser.obj) : warning LNK4006: "protected: virtual class QIcon __cdecl QtAbstractPropertyManager::valueIcon(class QtProperty const *)const " (?valueIcon@QtAbstractPropertyManager@@MEBA?AVQIcon@@PEBVQtProperty@@@Z) 已在 QtSolutions_PropertyBrowser-head.lib(qtpropertybrowser.obj) 中定义；已忽略第二个定义
Qt5Designer.lib(qtpropertybrowser.obj) : warning LNK4006: "public: class QIcon __cdecl QtProperty::valueIcon(void)const " (?valueIcon@QtProperty@@QEBA?AVQIcon@@XZ) 已在 QtSolutions_PropertyBrowser-head.lib(qtpropertybrowser.obj) 中定义；已忽略第二个定义
Qt5Designer.lib(qtpropertybrowser.obj) : warning LNK4006: "protected: virtual class QString __cdecl QtAbstractPropertyManager::valueText(class QtProperty const *)const " (?valueText@QtAbstractPropertyManager@@MEBA?AVQString@@PEBVQtProperty@@@Z) 已在 QtSolutions_PropertyBrowser-head.lib(qtpropertybrowser.obj) 中定义；已忽略第二个定义
Qt5Designer.lib(qtpropertybrowser.obj) : warning LNK4006: "public: class QString __cdecl QtProperty::valueText(void)const " (?valueText@QtProperty@@QEBA?AVQString@@XZ) 已在 QtSolutions_PropertyBrowser-head.lib(qtpropertybrowser.obj) 中定义；已忽略第二个定义
Qt5Designer.lib(qtpropertybrowser.obj) : warning LNK4006: "public: class QString __cdecl QtProperty::whatsThis(void)const " (?whatsThis@QtProperty@@QEBA?AVQString@@XZ) 已在 QtSolutions_PropertyBrowser-head.lib(qtpropertybrowser.obj) 中定义；已忽略第二个定义
Qt5Designer.lib(qtpropertybrowser.obj) : warning LNK4006: "public: static struct QMetaObject const QtAbstractPropertyManager::staticMetaObject" (?staticMetaObject@QtAbstractPropertyManager@@2UQMetaObject@@B) 已在 QtSolutions_PropertyBrowser-head.lib(qtpropertybrowser.obj) 中定义；已忽略第二个定义
Qt5Designer.lib(qtpropertybrowser.obj) : warning LNK4006: "public: static struct QMetaObject const QtAbstractEditorFactoryBase::staticMetaObject" (?staticMetaObject@QtAbstractEditorFactoryBase@@2UQMetaObject@@B) 已在 QtSolutions_PropertyBrowser-head.lib(qtpropertybrowser.obj) 中定义；已忽略第二个定义
Qt5Designer.lib(qtpropertybrowser.obj) : warning LNK4006: "public: static struct QMetaObject const QtAbstractPropertyBrowser::staticMetaObject" (?staticMetaObject@QtAbstractPropertyBrowser@@2UQMetaObject@@B) 已在 QtSolutions_PropertyBrowser-head.lib(qtpropertybrowser.obj) 中定义；已忽略第二个定义
E:\Developments\Cadaqs\caNamespace\castudio\xcross\xlang\xlang\xlibrarys\QXLibrary\x64\Release\QXLibrary.dll : warning LNK4088: 因 /FORCE 选项生成了映像；映像可能不能运行
  QXLibrary.vcxproj -> E:\Developments\Cadaqs\caNamespace\castudio\xcross\xlang\xlang\xlibrarys\QXLibrary\x64\Release\QXLibrary.dll
