生成启动时间为 2019/9/20 21:24:31。
     1>项目“E:\Developments\Cadaqs\caNamespace\castudio\xcross\xlang\xlang\xlibrarys\xcimg\xcimg\xcimg\xcimg.vcxproj”在节点 2 上(Rebuild 个目标)。
     1>ClCompile:
         C:\Program Files (x86)\Microsoft Visual Studio 12.0\VC\bin\x86_amd64\CL.exe /c /I"C:\Program Files (x86)\Visual Leak Detector\include" /Zi /nologo /W3 /WX- /O2 /Oi /Ot /Oy /GL /D WIN32 /D NDEBUG /D _WINDOWS /D _USRDLL /D XCIMG_EXPORTS /D _WINDLL /D _UNICODE /D UNICODE /Gm- /EHsc /MD /GS /Gy /Zc:wchar_t /Zc:forScope /Yc"stdafx.h" /Fp"x64\Release\xcimg.pch" /Fo"x64\Release\\" /Fd"x64\Release\vc120.pdb" /Gd /TP /errorReport:prompt stdafx.cpp
         stdafx.cpp
         C:\Program Files (x86)\Microsoft Visual Studio 12.0\VC\bin\x86_amd64\CL.exe /c /I"C:\Program Files (x86)\Visual Leak Detector\include" /Zi /nologo /W3 /WX- /O2 /Oi /Ot /Oy /GL /D WIN32 /D NDEBUG /D _WINDOWS /D _USRDLL /D XCIMG_EXPORTS /D _WINDLL /D _UNICODE /D UNICODE /Gm- /EHsc /MD /GS /Gy /Zc:wchar_t /Zc:forScope /Yu"stdafx.h" /Fp"x64\Release\xcimg.pch" /Fo"x64\Release\\" /Fd"x64\Release\vc120.pdb" /Gd /TP /errorReport:prompt xcimg.cpp
         xcimg.cpp
     1>xcimg.cpp(52): warning C4018: “<”: 有符号/无符号不匹配
     1>xcimg.cpp(99): warning C4018: “<”: 有符号/无符号不匹配
     1>xcimg.cpp(112): warning C4018: “<”: 有符号/无符号不匹配
     1>xcimg.cpp(125): warning C4018: “<”: 有符号/无符号不匹配
     1>xcimg.cpp(132): warning C4267: “return”: 从“size_t”转换到“int”，可能丢失数据
     1>xcimg.cpp(144): warning C4267: “初始化”: 从“size_t”转换到“int”，可能丢失数据
     1>xcimg.cpp(147): warning C4244: “初始化”: 从“double”转换到“int”，可能丢失数据
     1>xcimg.cpp(159): warning C4018: “<”: 有符号/无符号不匹配
       Link:
         C:\Program Files (x86)\Microsoft Visual Studio 12.0\VC\bin\x86_amd64\link.exe /ERRORREPORT:PROMPT /OUT:"E:\Developments\Cadaqs\caNamespace\castudio\xcross\xlang\xlang\xlibrarys\xcimg\xcimg\x64\Release\xcimg.dll" /INCREMENTAL:NO /NOLOGO /LIBPATH:"C:\Program Files (x86)\Visual Leak Detector\lib\Win64" kernel32.lib user32.lib gdi32.lib winspool.lib comdlg32.lib advapi32.lib shell32.lib ole32.lib oleaut32.lib uuid.lib odbc32.lib odbccp32.lib /DEF:"xcimg.def" /MANIFEST /MANIFESTUAC:"level='asInvoker' uiAccess='false'" /manifest:embed /PDB:"E:\Developments\Cadaqs\caNamespace\castudio\xcross\xlang\xlang\xlibrarys\xcimg\xcimg\x64\Release\xcimg.pdb" /SUBSYSTEM:WINDOWS /OPT:REF /OPT:ICF /LTCG /TLBID:1 /DYNAMICBASE /NXCOMPAT /IMPLIB:"E:\Developments\Cadaqs\caNamespace\castudio\xcross\xlang\xlang\xlibrarys\xcimg\xcimg\x64\Release\xcimg.lib" /MACHINE:X64 /DLL x64\Release\stdafx.obj
         x64\Release\xcimg.obj
            正在创建库 E:\Developments\Cadaqs\caNamespace\castudio\xcross\xlang\xlang\xlibrarys\xcimg\xcimg\x64\Release\xcimg.lib 和对象 E:\Developments\Cadaqs\caNamespace\castudio\xcross\xlang\xlang\xlibrarys\xcimg\xcimg\x64\Release\xcimg.exp
         正在生成代码
         已完成代码的生成
         xcimg.vcxproj -> E:\Developments\Cadaqs\caNamespace\castudio\xcross\xlang\xlang\xlibrarys\xcimg\xcimg\x64\Release\xcimg.dll
     1>已完成生成项目“E:\Developments\Cadaqs\caNamespace\castudio\xcross\xlang\xlang\xlibrarys\xcimg\xcimg\xcimg\xcimg.vcxproj”(Rebuild 个目标)的操作。

生成成功。

已用时间 00:00:06.02
