生成启动时间为 2019/9/1 8:10:34。
     1>项目“E:\Developments\Cadaqs\caNamespace\castudio\xcross\xlang\xlang\xlibrarys\xcimg\xcimg\xcimg\xcimg.vcxproj”在节点 2 上(Build 个目标)。
     1>ClCompile:
         C:\Program Files (x86)\Microsoft Visual Studio 12.0\VC\bin\x86_amd64\CL.exe /c /I"C:\Program Files (x86)\Visual Leak Detector\include" /Zi /nologo /W3 /WX- /Od /D WIN32 /D _DEBUG /D _WINDOWS /D _USRDLL /D XCIMG_EXPORTS /D _WINDLL /D _UNICODE /D UNICODE /Gm /EHsc /RTC1 /MDd /GS /Zc:wchar_t /Zc:forScope /Yu"stdafx.h" /Fp"x64\Debug\xcimg.pch" /Fo"x64\Debug\\" /Fd"x64\Debug\vc120.pdb" /Gd /TP /errorReport:prompt xcimg.cpp
         xcimg.cpp
     1>xcimg.cpp(52): warning C4018: “<”: 有符号/无符号不匹配
     1>xcimg.cpp(99): warning C4018: “<”: 有符号/无符号不匹配
     1>xcimg.cpp(112): warning C4018: “<”: 有符号/无符号不匹配
     1>xcimg.cpp(125): warning C4018: “<”: 有符号/无符号不匹配
     1>xcimg.cpp(132): warning C4267: “return”: 从“size_t”转换到“int”，可能丢失数据
     1>xcimg.cpp(144): warning C4267: “初始化”: 从“size_t”转换到“int”，可能丢失数据
     1>xcimg.cpp(147): warning C4244: “初始化”: 从“double”转换到“int”，可能丢失数据
     1>xcimg.cpp(159): warning C4018: “<”: 有符号/无符号不匹配
       Link:
         C:\Program Files (x86)\Microsoft Visual Studio 12.0\VC\bin\x86_amd64\link.exe /ERRORREPORT:PROMPT /OUT:"E:\Developments\Cadaqs\caNamespace\castudio\xcross\xlang\xlang\xlibrarys\xcimg\xcimg\x64\Debug\xcimg.dll" /INCREMENTAL /NOLOGO /LIBPATH:"C:\Program Files (x86)\Visual Leak Detector\lib\Win64" kernel32.lib user32.lib gdi32.lib winspool.lib comdlg32.lib advapi32.lib shell32.lib ole32.lib oleaut32.lib uuid.lib odbc32.lib odbccp32.lib /DEF:"xcimg.def" /MANIFEST /MANIFESTUAC:"level='asInvoker' uiAccess='false'" /manifest:embed /DEBUG /PDB:"E:\Developments\Cadaqs\caNamespace\castudio\xcross\xlang\xlang\xlibrarys\xcimg\xcimg\x64\Debug\xcimg.pdb" /SUBSYSTEM:WINDOWS /TLBID:1 /DYNAMICBASE /NXCOMPAT /IMPLIB:"E:\Developments\Cadaqs\caNamespace\castudio\xcross\xlang\xlang\xlibrarys\xcimg\xcimg\x64\Debug\xcimg.lib" /MACHINE:X64 /DLL x64\Debug\stdafx.obj
         x64\Debug\xcimg.obj
            正在创建库 E:\Developments\Cadaqs\caNamespace\castudio\xcross\xlang\xlang\xlibrarys\xcimg\xcimg\x64\Debug\xcimg.lib 和对象 E:\Developments\Cadaqs\caNamespace\castudio\xcross\xlang\xlang\xlibrarys\xcimg\xcimg\x64\Debug\xcimg.exp
         xcimg.vcxproj -> E:\Developments\Cadaqs\caNamespace\castudio\xcross\xlang\xlang\xlibrarys\xcimg\xcimg\x64\Debug\xcimg.dll
     1>已完成生成项目“E:\Developments\Cadaqs\caNamespace\castudio\xcross\xlang\xlang\xlibrarys\xcimg\xcimg\xcimg\xcimg.vcxproj”(Build 个目标)的操作。

生成成功。

已用时间 00:00:02.59
