生成启动时间为 2019/9/3 21:07:22。
     1>项目“E:\Developments\Cadaqs\caNamespace\castudio\xcross\xlang\xlang\xlibrarys\xsql\mysql_helper\mysql_helper\mysql_helper.vcxproj”在节点 2 上(Rebuild 个目标)。
     1>ClCompile:
         C:\Program Files (x86)\Microsoft Visual Studio 12.0\VC\bin\CL.exe /c /I"C:\Program Files (x86)\Visual Leak Detector\include" /Zi /nologo /W3 /WX- /O2 /Oi /Oy- /GL /D WIN32 /D NDEBUG /D _WINDOWS /D _USRDLL /D MYSQL_HELPER_EXPORTS /D _WINDLL /D _UNICODE /D UNICODE /Gm- /EHsc /MD /GS /Gy /Zc:wchar_t /Zc:forScope /Yc"stdafx.h" /Fp"Release\mysql_helper.pch" /Fo"Release\\" /Fd"Release\vc120.pdb" /Gd /TP /analyze- /errorReport:prompt stdafx.cpp
         stdafx.cpp
         C:\Program Files (x86)\Microsoft Visual Studio 12.0\VC\bin\CL.exe /c /I"C:\Program Files (x86)\Visual Leak Detector\include" /Zi /nologo /W3 /WX- /O2 /Oi /Oy- /GL /D WIN32 /D NDEBUG /D _WINDOWS /D _USRDLL /D MYSQL_HELPER_EXPORTS /D _WINDLL /D _UNICODE /D UNICODE /Gm- /EHsc /MD /GS /Gy /Zc:wchar_t /Zc:forScope /Fo"Release\\" /Fd"Release\vc120.pdb" /Gd /TP /analyze- /errorReport:prompt dllmain.cpp
         dllmain.cpp
         C:\Program Files (x86)\Microsoft Visual Studio 12.0\VC\bin\CL.exe /c /I"C:\Program Files (x86)\Visual Leak Detector\include" /Zi /nologo /W3 /WX- /O2 /Oi /Oy- /GL /D WIN32 /D NDEBUG /D _WINDOWS /D _USRDLL /D MYSQL_HELPER_EXPORTS /D _WINDLL /D _UNICODE /D UNICODE /Gm- /EHsc /MD /GS /Gy /Zc:wchar_t /Zc:forScope /Yu"stdafx.h" /Fp"Release\mysql_helper.pch" /Fo"Release\\" /Fd"Release\vc120.pdb" /Gd /TP /analyze- /errorReport:prompt mysql_helper.cpp
         mysql_helper.cpp
     1>mysql_helper.cpp(118): warning C4018: “<”: 有符号/无符号不匹配
     1>mysql_helper.cpp(125): warning C4018: “<”: 有符号/无符号不匹配
     1>mysql_helper.cpp(132): warning C4018: “<”: 有符号/无符号不匹配
     1>mysql_helper.cpp(143): warning C4018: “<”: 有符号/无符号不匹配
       Link:
         C:\Program Files (x86)\Microsoft Visual Studio 12.0\VC\bin\link.exe /ERRORREPORT:PROMPT /OUT:"E:\Developments\Cadaqs\caNamespace\castudio\xcross\xlang\xlang\xlibrarys\xsql\mysql_helper\Release\mysql_helper.dll" /INCREMENTAL:NO /NOLOGO /LIBPATH:"C:\Program Files (x86)\Visual Leak Detector\lib\Win32" libmysql.lib kernel32.lib user32.lib gdi32.lib winspool.lib comdlg32.lib advapi32.lib shell32.lib ole32.lib oleaut32.lib uuid.lib odbc32.lib odbccp32.lib /DEF:"Source.def" /MANIFEST /MANIFESTUAC:"level='asInvoker' uiAccess='false'" /manifest:embed /DEBUG /PDB:"E:\Developments\Cadaqs\caNamespace\castudio\xcross\xlang\xlang\xlibrarys\xsql\mysql_helper\Release\mysql_helper.pdb" /SUBSYSTEM:WINDOWS /OPT:REF /OPT:ICF /LTCG /TLBID:1 /DYNAMICBASE /NXCOMPAT /IMPLIB:"E:\Developments\Cadaqs\caNamespace\castudio\xcross\xlang\xlang\xlibrarys\xsql\mysql_helper\Release\mysql_helper.lib" /MACHINE:X86 /SAFESEH /DLL Release\dllmain.obj
         Release\mysql_helper.obj
         Release\stdafx.obj
            正在创建库 E:\Developments\Cadaqs\caNamespace\castudio\xcross\xlang\xlang\xlibrarys\xsql\mysql_helper\Release\mysql_helper.lib 和对象 E:\Developments\Cadaqs\caNamespace\castudio\xcross\xlang\xlang\xlibrarys\xsql\mysql_helper\Release\mysql_helper.exp
         正在生成代码
         已完成代码的生成
         mysql_helper.vcxproj -> E:\Developments\Cadaqs\caNamespace\castudio\xcross\xlang\xlang\xlibrarys\xsql\mysql_helper\Release\mysql_helper.dll
     1>已完成生成项目“E:\Developments\Cadaqs\caNamespace\castudio\xcross\xlang\xlang\xlibrarys\xsql\mysql_helper\mysql_helper\mysql_helper.vcxproj”(Rebuild 个目标)的操作。

生成成功。

已用时间 00:00:01.89
