生成启动时间为 2019/5/9 20:24:37。
     1>项目“E:\Developments\Cadaqs\caNamespace\castudio\xcross\xlang\xlang\xlibrarys\XMultiMixer\XMultiMixer\XMultiMixer.vcxproj”在节点 2 上(Build 个目标)。
     1>ClCompile:
         C:\Program Files (x86)\Microsoft Visual Studio 12.0\VC\bin\CL.exe /c /I"C:\Program Files (x86)\Visual Leak Detector\include" /ZI /nologo /W3 /WX- /sdl /Od /Oy- /D WIN32 /D _DEBUG /D _WINDOWS /D _USRDLL /D XMULTIMIXER_EXPORTS /D _WINDLL /D _UNICODE /D UNICODE /Gm /EHsc /RTC1 /MTd /GS /Zc:wchar_t /Zc:forScope /Yu"stdafx.h" /Fp"Debug\XMultiMixer.pch" /Fo"Debug\\" /Fd"Debug\vc120.pdb" /Gd /TP /analyze- /errorReport:prompt XMultiMixer.cpp
         XMultiMixer.cpp
     1>e:\developments\cadaqs\canamespace\castudio\xcross\xlang\xlang\xlibrarys\xmultimixer\xmultimixer\xmultimixer.cpp(23): warning C4018: “>”: 有符号/无符号不匹配
     1>e:\developments\cadaqs\canamespace\castudio\xcross\xlang\xlang\xlibrarys\xmultimixer\xmultimixer\xmultimixer.cpp(25): warning C4018: “<”: 有符号/无符号不匹配
       Link:
         C:\Program Files (x86)\Microsoft Visual Studio 12.0\VC\bin\link.exe /ERRORREPORT:PROMPT /OUT:"E:\Developments\Cadaqs\caNamespace\castudio\xcross\xlang\xlang\xlibrarys\XMultiMixer\Debug\XMultiMixer.dll" /INCREMENTAL /NOLOGO /LIBPATH:"C:\Program Files (x86)\Visual Leak Detector\lib\Win32" capool.lib caallocator.lib cathreadpool.lib catimer.lib caUtils.lib ws2_32.lib kernel32.lib user32.lib gdi32.lib winspool.lib comdlg32.lib advapi32.lib shell32.lib ole32.lib oleaut32.lib uuid.lib odbc32.lib odbccp32.lib /DEF:"XMultiMixer.def" /MANIFEST /MANIFESTUAC:"level='asInvoker' uiAccess='false'" /manifest:embed /DEBUG /PDB:"E:\Developments\Cadaqs\caNamespace\castudio\xcross\xlang\xlang\xlibrarys\XMultiMixer\Debug\XMultiMixer.pdb" /SUBSYSTEM:WINDOWS /TLBID:1 /DYNAMICBASE /NXCOMPAT /IMPLIB:"E:\Developments\Cadaqs\caNamespace\castudio\xcross\xlang\xlang\xlibrarys\XMultiMixer\Debug\XMultiMixer.lib" /MACHINE:X86 /DLL Debug\caMediaStream.obj
         Debug\caStreamMixer.obj
         Debug\dllmain.obj
         Debug\stdafx.obj
         Debug\XMultiMixer.obj
     1>XMultiMixer.def(3): warning LNK4017: closeMixer 语句不支持目标平台；已忽略
     1>XMultiMixer.def(4): warning LNK4017: readData 语句不支持目标平台；已忽略
     1>XMultiMixer.def(5): warning LNK4017: putData 语句不支持目标平台；已忽略
     1>XMultiMixer.def(6): warning LNK4017: createMixer 语句不支持目标平台；已忽略
     1>XMultiMixer.def(6): warning LNK4017: resetMixer 语句不支持目标平台；已忽略
            正在创建库 E:\Developments\Cadaqs\caNamespace\castudio\xcross\xlang\xlang\xlibrarys\XMultiMixer\Debug\XMultiMixer.lib 和对象 E:\Developments\Cadaqs\caNamespace\castudio\xcross\xlang\xlang\xlibrarys\XMultiMixer\Debug\XMultiMixer.exp
         XMultiMixer.vcxproj -> E:\Developments\Cadaqs\caNamespace\castudio\xcross\xlang\xlang\xlibrarys\XMultiMixer\Debug\XMultiMixer.dll
     1>已完成生成项目“E:\Developments\Cadaqs\caNamespace\castudio\xcross\xlang\xlang\xlibrarys\XMultiMixer\XMultiMixer\XMultiMixer.vcxproj”(Build 个目标)的操作。

生成成功。

已用时间 00:00:00.81
