  forxlang.cpp
E:\Developments\Cadaqs\caNamespace\castudio\xcross\xlang\xlang\xlibrarys\zxing\zxing_cpp\core\src\forxlang.cpp(54,17): warning C4018:  “<”: 有符号/无符号不匹配
E:\Developments\Cadaqs\caNamespace\castudio\xcross\xlang\xlang\xlibrarys\zxing\zxing_cpp\core\src\forxlang.cpp(91,20): warning C4018:  “<”: 有符号/无符号不匹配
E:\Developments\Cadaqs\caNamespace\castudio\xcross\xlang\xlang\xlibrarys\zxing\zxing_cpp\core\src\forxlang.cpp(92,21): warning C4018:  “<”: 有符号/无符号不匹配
  BarcodeFormat.cpp
  BitArray.cpp
E:\Developments\Cadaqs\caNamespace\castudio\xcross\xlang\xlang\xlibrarys\zxing\zxing_cpp\core\src\forxlang.cpp(98,22): warning C4018:  “<”: 有符号/无符号不匹配
E:\Developments\Cadaqs\caNamespace\castudio\xcross\xlang\xlang\xlibrarys\zxing\zxing_cpp\core\src\BitArray.h(302,1): warning C4805:  “==”: 在操作中将类型“uint8_t”与类型“const bool”混合不安全
E:\Developments\Cadaqs\caNamespace\castudio\xcross\xlang\xlang\xlibrarys\zxing\zxing_cpp\core\src\BitArray.h(180,1): warning C4805:  “!=”: 在操作中将类型“const unsigned char”与类型“bool”混合不安全
  BitMatrix.cpp
E:\Developments\Cadaqs\caNamespace\castudio\xcross\xlang\xlang\xlibrarys\zxing\zxing_cpp\core\src\BitArray.h(215): message :  查看对正在编译的函数 模板 实例化“ITER ZXing::BitArray::getNextSetTo<ZXing::BitArray::Iterator>(ITER,ITER,bool) noexcept”的引用
E:\Developments\Cadaqs\caNamespace\castudio\xcross\xlang\xlang\xlibrarys\zxing\zxing_cpp\core\src\BitArray.h(215): message :         with
E:\Developments\Cadaqs\caNamespace\castudio\xcross\xlang\xlang\xlibrarys\zxing\zxing_cpp\core\src\BitArray.h(215): message :         [
E:\Developments\Cadaqs\caNamespace\castudio\xcross\xlang\xlang\xlibrarys\zxing\zxing_cpp\core\src\BitArray.h(215): message :             ITER=ZXing::BitArray::Iterator
E:\Developments\Cadaqs\caNamespace\castudio\xcross\xlang\xlang\xlibrarys\zxing\zxing_cpp\core\src\BitArray.h(215): message :         ]
E:\Developments\Cadaqs\caNamespace\castudio\xcross\xlang\xlang\xlibrarys\zxing\zxing_cpp\core\src\BitArray.h(302,1): warning C4805:  “==”: 在操作中将类型“uint8_t”与类型“const bool”混合不安全
E:\Developments\Cadaqs\caNamespace\castudio\xcross\xlang\xlang\xlibrarys\zxing\zxing_cpp\core\src\BitArray.h(180,1): warning C4805:  “!=”: 在操作中将类型“const unsigned char”与类型“bool”混合不安全
  CharacterSetECI.cpp
  GenericGF.cpp
  GenericGFPoly.cpp
  TextUtfEncoding.cpp
  ZXBigInteger.cpp
  BitSource.cpp
  DecodeHints.cpp
  DecodeStatus.cpp
  GenericLuminanceSource.cpp
  GlobalHistogramBinarizer.cpp
E:\Developments\Cadaqs\caNamespace\castudio\xcross\xlang\xlang\xlibrarys\zxing\zxing_cpp\core\src\BitArray.h(215): message :  查看对正在编译的函数 模板 实例化“ITER ZXing::BitArray::getNextSetTo<ZXing::BitArray::Iterator>(ITER,ITER,bool) noexcept”的引用
E:\Developments\Cadaqs\caNamespace\castudio\xcross\xlang\xlang\xlibrarys\zxing\zxing_cpp\core\src\BitArray.h(215): message :         with
E:\Developments\Cadaqs\caNamespace\castudio\xcross\xlang\xlang\xlibrarys\zxing\zxing_cpp\core\src\BitArray.h(215): message :         [
E:\Developments\Cadaqs\caNamespace\castudio\xcross\xlang\xlang\xlibrarys\zxing\zxing_cpp\core\src\BitArray.h(215): message :             ITER=ZXing::BitArray::Iterator
E:\Developments\Cadaqs\caNamespace\castudio\xcross\xlang\xlang\xlibrarys\zxing\zxing_cpp\core\src\BitArray.h(215): message :         ]
E:\Developments\Cadaqs\caNamespace\castudio\xcross\xlang\xlang\xlibrarys\zxing\zxing_cpp\core\src\BitArray.h(302,1): warning C4805:  “==”: 在操作中将类型“uint8_t”与类型“const bool”混合不安全
E:\Developments\Cadaqs\caNamespace\castudio\xcross\xlang\xlang\xlibrarys\zxing\zxing_cpp\core\src\BitArray.h(180,1): warning C4805:  “!=”: 在操作中将类型“const unsigned char”与类型“bool”混合不安全
  GridSampler.cpp
E:\Developments\Cadaqs\caNamespace\castudio\xcross\xlang\xlang\xlibrarys\zxing\zxing_cpp\core\src\BitArray.h(215): message :  查看对正在编译的函数 模板 实例化“ITER ZXing::BitArray::getNextSetTo<ZXing::BitArray::Iterator>(ITER,ITER,bool) noexcept”的引用
E:\Developments\Cadaqs\caNamespace\castudio\xcross\xlang\xlang\xlibrarys\zxing\zxing_cpp\core\src\BitArray.h(215): message :         with
E:\Developments\Cadaqs\caNamespace\castudio\xcross\xlang\xlang\xlibrarys\zxing\zxing_cpp\core\src\BitArray.h(215): message :         [
E:\Developments\Cadaqs\caNamespace\castudio\xcross\xlang\xlang\xlibrarys\zxing\zxing_cpp\core\src\BitArray.h(215): message :             ITER=ZXing::BitArray::Iterator
E:\Developments\Cadaqs\caNamespace\castudio\xcross\xlang\xlang\xlibrarys\zxing\zxing_cpp\core\src\BitArray.h(215): message :         ]
  HybridBinarizer.cpp
E:\Developments\Cadaqs\caNamespace\castudio\xcross\xlang\xlang\xlibrarys\zxing\zxing_cpp\core\src\GridSampler.cpp(146,36): warning C4101:  “aioobe”: 未引用的局部变量
E:\Developments\Cadaqs\caNamespace\castudio\xcross\xlang\xlang\xlibrarys\zxing\zxing_cpp\core\src\BitArray.h(302,1): warning C4805:  “==”: 在操作中将类型“uint8_t”与类型“const bool”混合不安全
E:\Developments\Cadaqs\caNamespace\castudio\xcross\xlang\xlang\xlibrarys\zxing\zxing_cpp\core\src\BitArray.h(180,1): warning C4805:  “!=”: 在操作中将类型“const unsigned char”与类型“bool”混合不安全
  LuminanceSource.cpp
  MultiFormatReader.cpp
  PerspectiveTransform.cpp
  ReedSolomonDecoder.cpp
  正在编译...
  Result.cpp
  ResultMetadata.cpp
  ResultPoint.cpp
  TextDecoder.cpp
  WhiteRectDetector.cpp
  ReedSolomonEncoder.cpp
  TextEncoder.cpp
  MultiFormatWriter.cpp
  AZDecoder.cpp
  AZDetector.cpp
  AZReader.cpp
  AZEncoder.cpp
E:\Developments\Cadaqs\caNamespace\castudio\xcross\xlang\xlang\xlibrarys\zxing\zxing_cpp\core\src\BitArray.h(215): message :  查看对正在编译的函数 模板 实例化“ITER ZXing::BitArray::getNextSetTo<ZXing::BitArray::Iterator>(ITER,ITER,bool) noexcept”的引用
E:\Developments\Cadaqs\caNamespace\castudio\xcross\xlang\xlang\xlibrarys\zxing\zxing_cpp\core\src\BitArray.h(215): message :         with
E:\Developments\Cadaqs\caNamespace\castudio\xcross\xlang\xlang\xlibrarys\zxing\zxing_cpp\core\src\BitArray.h(215): message :         [
E:\Developments\Cadaqs\caNamespace\castudio\xcross\xlang\xlang\xlibrarys\zxing\zxing_cpp\core\src\BitArray.h(215): message :             ITER=ZXing::BitArray::Iterator
E:\Developments\Cadaqs\caNamespace\castudio\xcross\xlang\xlang\xlibrarys\zxing\zxing_cpp\core\src\BitArray.h(215): message :         ]
E:\Developments\Cadaqs\caNamespace\castudio\xcross\xlang\xlang\xlibrarys\zxing\zxing_cpp\core\src\BitArray.h(302,1): warning C4805:  “==”: 在操作中将类型“uint8_t”与类型“const bool”混合不安全
E:\Developments\Cadaqs\caNamespace\castudio\xcross\xlang\xlang\xlibrarys\zxing\zxing_cpp\core\src\BitArray.h(180,1): warning C4805:  “!=”: 在操作中将类型“const unsigned char”与类型“bool”混合不安全
  AZHighLevelEncoder.cpp
E:\Developments\Cadaqs\caNamespace\castudio\xcross\xlang\xlang\xlibrarys\zxing\zxing_cpp\core\src\BitArray.h(215): message :  查看对正在编译的函数 模板 实例化“ITER ZXing::BitArray::getNextSetTo<ZXing::BitArray::Iterator>(ITER,ITER,bool) noexcept”的引用
E:\Developments\Cadaqs\caNamespace\castudio\xcross\xlang\xlang\xlibrarys\zxing\zxing_cpp\core\src\BitArray.h(215): message :         with
E:\Developments\Cadaqs\caNamespace\castudio\xcross\xlang\xlang\xlibrarys\zxing\zxing_cpp\core\src\BitArray.h(215): message :         [
E:\Developments\Cadaqs\caNamespace\castudio\xcross\xlang\xlang\xlibrarys\zxing\zxing_cpp\core\src\BitArray.h(215): message :             ITER=ZXing::BitArray::Iterator
E:\Developments\Cadaqs\caNamespace\castudio\xcross\xlang\xlang\xlibrarys\zxing\zxing_cpp\core\src\BitArray.h(215): message :         ]
E:\Developments\Cadaqs\caNamespace\castudio\xcross\xlang\xlang\xlibrarys\zxing\zxing_cpp\core\src\BitArray.h(302,1): warning C4805:  “==”: 在操作中将类型“uint8_t”与类型“const bool”混合不安全
E:\Developments\Cadaqs\caNamespace\castudio\xcross\xlang\xlang\xlibrarys\zxing\zxing_cpp\core\src\BitArray.h(180,1): warning C4805:  “!=”: 在操作中将类型“const unsigned char”与类型“bool”混合不安全
  AZToken.cpp
E:\Developments\Cadaqs\caNamespace\castudio\xcross\xlang\xlang\xlibrarys\zxing\zxing_cpp\core\src\BitArray.h(215): message :  查看对正在编译的函数 模板 实例化“ITER ZXing::BitArray::getNextSetTo<ZXing::BitArray::Iterator>(ITER,ITER,bool) noexcept”的引用
E:\Developments\Cadaqs\caNamespace\castudio\xcross\xlang\xlang\xlibrarys\zxing\zxing_cpp\core\src\BitArray.h(215): message :         with
E:\Developments\Cadaqs\caNamespace\castudio\xcross\xlang\xlang\xlibrarys\zxing\zxing_cpp\core\src\BitArray.h(215): message :         [
E:\Developments\Cadaqs\caNamespace\castudio\xcross\xlang\xlang\xlibrarys\zxing\zxing_cpp\core\src\BitArray.h(215): message :             ITER=ZXing::BitArray::Iterator
E:\Developments\Cadaqs\caNamespace\castudio\xcross\xlang\xlang\xlibrarys\zxing\zxing_cpp\core\src\BitArray.h(215): message :         ]
E:\Developments\Cadaqs\caNamespace\castudio\xcross\xlang\xlang\xlibrarys\zxing\zxing_cpp\core\src\BitArray.h(302,1): warning C4805:  “==”: 在操作中将类型“uint8_t”与类型“const bool”混合不安全
E:\Developments\Cadaqs\caNamespace\castudio\xcross\xlang\xlang\xlibrarys\zxing\zxing_cpp\core\src\BitArray.h(180,1): warning C4805:  “!=”: 在操作中将类型“const unsigned char”与类型“bool”混合不安全
  AZWriter.cpp
  DMBitMatrixParser.cpp
  DMDataBlock.cpp
  DMDecoder.cpp
  DMDetector.cpp
  DMVersion.cpp
  正在编译...
  DMReader.cpp
  DMECEncoder.cpp
  DMDefaultPlacement.cpp
  DMHighLevelEncoder.cpp
  DMSymbolInfo.cpp
  DMWriter.cpp
  MCBitMatrixParser.cpp
  MCDecoder.cpp
  MCReader.cpp
  ODUPCEANCommon.cpp
E:\Developments\Cadaqs\caNamespace\castudio\xcross\xlang\xlang\xlibrarys\zxing\zxing_cpp\core\src\BitArray.h(215): message :  查看对正在编译的函数 模板 实例化“ITER ZXing::BitArray::getNextSetTo<ZXing::BitArray::Iterator>(ITER,ITER,bool) noexcept”的引用
E:\Developments\Cadaqs\caNamespace\castudio\xcross\xlang\xlang\xlibrarys\zxing\zxing_cpp\core\src\BitArray.h(215): message :         with
E:\Developments\Cadaqs\caNamespace\castudio\xcross\xlang\xlang\xlibrarys\zxing\zxing_cpp\core\src\BitArray.h(215): message :         [
E:\Developments\Cadaqs\caNamespace\castudio\xcross\xlang\xlang\xlibrarys\zxing\zxing_cpp\core\src\BitArray.h(215): message :             ITER=ZXing::BitArray::Iterator
E:\Developments\Cadaqs\caNamespace\castudio\xcross\xlang\xlang\xlibrarys\zxing\zxing_cpp\core\src\BitArray.h(215): message :         ]
E:\Developments\Cadaqs\caNamespace\castudio\xcross\xlang\xlang\xlibrarys\zxing\zxing_cpp\core\src\BitArray.h(302,1): warning C4805:  “==”: 在操作中将类型“uint8_t”与类型“const bool”混合不安全
E:\Developments\Cadaqs\caNamespace\castudio\xcross\xlang\xlang\xlibrarys\zxing\zxing_cpp\core\src\BitArray.h(180,1): warning C4805:  “!=”: 在操作中将类型“const unsigned char”与类型“bool”混合不安全
  ODCode128Patterns.cpp
  ODCodabarReader.cpp
E:\Developments\Cadaqs\caNamespace\castudio\xcross\xlang\xlang\xlibrarys\zxing\zxing_cpp\core\src\BitArray.h(215): message :  查看对正在编译的函数 模板 实例化“ITER ZXing::BitArray::getNextSetTo<ZXing::BitArray::Iterator>(ITER,ITER,bool) noexcept”的引用
E:\Developments\Cadaqs\caNamespace\castudio\xcross\xlang\xlang\xlibrarys\zxing\zxing_cpp\core\src\BitArray.h(215): message :         with
E:\Developments\Cadaqs\caNamespace\castudio\xcross\xlang\xlang\xlibrarys\zxing\zxing_cpp\core\src\BitArray.h(215): message :         [
E:\Developments\Cadaqs\caNamespace\castudio\xcross\xlang\xlang\xlibrarys\zxing\zxing_cpp\core\src\BitArray.h(215): message :             ITER=ZXing::BitArray::Iterator
E:\Developments\Cadaqs\caNamespace\castudio\xcross\xlang\xlang\xlibrarys\zxing\zxing_cpp\core\src\BitArray.h(215): message :         ]
E:\Developments\Cadaqs\caNamespace\castudio\xcross\xlang\xlang\xlibrarys\zxing\zxing_cpp\core\src\BitArray.h(302,1): warning C4805:  “==”: 在操作中将类型“uint8_t”与类型“const bool”混合不安全
E:\Developments\Cadaqs\caNamespace\castudio\xcross\xlang\xlang\xlibrarys\zxing\zxing_cpp\core\src\BitArray.h(180,1): warning C4805:  “!=”: 在操作中将类型“const unsigned char”与类型“bool”混合不安全
  ODCode39Reader.cpp
E:\Developments\Cadaqs\caNamespace\castudio\xcross\xlang\xlang\xlibrarys\zxing\zxing_cpp\core\src\BitArray.h(215): message :  查看对正在编译的函数 模板 实例化“ITER ZXing::BitArray::getNextSetTo<ZXing::BitArray::Iterator>(ITER,ITER,bool) noexcept”的引用
E:\Developments\Cadaqs\caNamespace\castudio\xcross\xlang\xlang\xlibrarys\zxing\zxing_cpp\core\src\BitArray.h(215): message :         with
E:\Developments\Cadaqs\caNamespace\castudio\xcross\xlang\xlang\xlibrarys\zxing\zxing_cpp\core\src\BitArray.h(215): message :         [
E:\Developments\Cadaqs\caNamespace\castudio\xcross\xlang\xlang\xlibrarys\zxing\zxing_cpp\core\src\BitArray.h(215): message :             ITER=ZXing::BitArray::Iterator
E:\Developments\Cadaqs\caNamespace\castudio\xcross\xlang\xlang\xlibrarys\zxing\zxing_cpp\core\src\BitArray.h(215): message :         ]
E:\Developments\Cadaqs\caNamespace\castudio\xcross\xlang\xlang\xlibrarys\zxing\zxing_cpp\core\src\BitArray.h(302,1): warning C4805:  “==”: 在操作中将类型“uint8_t”与类型“const bool”混合不安全
E:\Developments\Cadaqs\caNamespace\castudio\xcross\xlang\xlang\xlibrarys\zxing\zxing_cpp\core\src\oned\ODCode39Reader.cpp(188,20): warning C4018:  “<”: 有符号/无符号不匹配
E:\Developments\Cadaqs\caNamespace\castudio\xcross\xlang\xlang\xlibrarys\zxing\zxing_cpp\core\src\BitArray.h(180,1): warning C4805:  “!=”: 在操作中将类型“const unsigned char”与类型“bool”混合不安全
  ODCode93Reader.cpp
E:\Developments\Cadaqs\caNamespace\castudio\xcross\xlang\xlang\xlibrarys\zxing\zxing_cpp\core\src\BitArray.h(215): message :  查看对正在编译的函数 模板 实例化“ITER ZXing::BitArray::getNextSetTo<ZXing::BitArray::Iterator>(ITER,ITER,bool) noexcept”的引用
E:\Developments\Cadaqs\caNamespace\castudio\xcross\xlang\xlang\xlibrarys\zxing\zxing_cpp\core\src\BitArray.h(215): message :         with
E:\Developments\Cadaqs\caNamespace\castudio\xcross\xlang\xlang\xlibrarys\zxing\zxing_cpp\core\src\BitArray.h(215): message :         [
E:\Developments\Cadaqs\caNamespace\castudio\xcross\xlang\xlang\xlibrarys\zxing\zxing_cpp\core\src\BitArray.h(215): message :             ITER=ZXing::BitArray::Iterator
E:\Developments\Cadaqs\caNamespace\castudio\xcross\xlang\xlang\xlibrarys\zxing\zxing_cpp\core\src\BitArray.h(215): message :         ]
E:\Developments\Cadaqs\caNamespace\castudio\xcross\xlang\xlang\xlibrarys\zxing\zxing_cpp\core\src\BitArray.h(302,1): warning C4805:  “==”: 在操作中将类型“uint8_t”与类型“const bool”混合不安全
E:\Developments\Cadaqs\caNamespace\castudio\xcross\xlang\xlang\xlibrarys\zxing\zxing_cpp\core\src\BitArray.h(180,1): warning C4805:  “!=”: 在操作中将类型“const unsigned char”与类型“bool”混合不安全
  ODCode128Reader.cpp
E:\Developments\Cadaqs\caNamespace\castudio\xcross\xlang\xlang\xlibrarys\zxing\zxing_cpp\core\src\BitArray.h(215): message :  查看对正在编译的函数 模板 实例化“ITER ZXing::BitArray::getNextSetTo<ZXing::BitArray::Iterator>(ITER,ITER,bool) noexcept”的引用
E:\Developments\Cadaqs\caNamespace\castudio\xcross\xlang\xlang\xlibrarys\zxing\zxing_cpp\core\src\BitArray.h(215): message :         with
E:\Developments\Cadaqs\caNamespace\castudio\xcross\xlang\xlang\xlibrarys\zxing\zxing_cpp\core\src\BitArray.h(215): message :         [
E:\Developments\Cadaqs\caNamespace\castudio\xcross\xlang\xlang\xlibrarys\zxing\zxing_cpp\core\src\BitArray.h(215): message :             ITER=ZXing::BitArray::Iterator
E:\Developments\Cadaqs\caNamespace\castudio\xcross\xlang\xlang\xlibrarys\zxing\zxing_cpp\core\src\BitArray.h(215): message :         ]
E:\Developments\Cadaqs\caNamespace\castudio\xcross\xlang\xlang\xlibrarys\zxing\zxing_cpp\core\src\BitArray.h(302,1): warning C4805:  “==”: 在操作中将类型“uint8_t”与类型“const bool”混合不安全
E:\Developments\Cadaqs\caNamespace\castudio\xcross\xlang\xlang\xlibrarys\zxing\zxing_cpp\core\src\BitArray.h(180,1): warning C4805:  “!=”: 在操作中将类型“const unsigned char”与类型“bool”混合不安全
  ODEAN8Reader.cpp
E:\Developments\Cadaqs\caNamespace\castudio\xcross\xlang\xlang\xlibrarys\zxing\zxing_cpp\core\src\BitArray.h(215): message :  查看对正在编译的函数 模板 实例化“ITER ZXing::BitArray::getNextSetTo<ZXing::BitArray::Iterator>(ITER,ITER,bool) noexcept”的引用
E:\Developments\Cadaqs\caNamespace\castudio\xcross\xlang\xlang\xlibrarys\zxing\zxing_cpp\core\src\BitArray.h(215): message :         with
E:\Developments\Cadaqs\caNamespace\castudio\xcross\xlang\xlang\xlibrarys\zxing\zxing_cpp\core\src\BitArray.h(215): message :         [
E:\Developments\Cadaqs\caNamespace\castudio\xcross\xlang\xlang\xlibrarys\zxing\zxing_cpp\core\src\BitArray.h(215): message :             ITER=ZXing::BitArray::Iterator
E:\Developments\Cadaqs\caNamespace\castudio\xcross\xlang\xlang\xlibrarys\zxing\zxing_cpp\core\src\BitArray.h(215): message :         ]
E:\Developments\Cadaqs\caNamespace\castudio\xcross\xlang\xlang\xlibrarys\zxing\zxing_cpp\core\src\BitArray.h(302,1): warning C4805:  “==”: 在操作中将类型“uint8_t”与类型“const bool”混合不安全
E:\Developments\Cadaqs\caNamespace\castudio\xcross\xlang\xlang\xlibrarys\zxing\zxing_cpp\core\src\BitArray.h(180,1): warning C4805:  “!=”: 在操作中将类型“const unsigned char”与类型“bool”混合不安全
  ODEAN13Reader.cpp
E:\Developments\Cadaqs\caNamespace\castudio\xcross\xlang\xlang\xlibrarys\zxing\zxing_cpp\core\src\BitArray.h(215): message :  查看对正在编译的函数 模板 实例化“ITER ZXing::BitArray::getNextSetTo<ZXing::BitArray::Iterator>(ITER,ITER,bool) noexcept”的引用
E:\Developments\Cadaqs\caNamespace\castudio\xcross\xlang\xlang\xlibrarys\zxing\zxing_cpp\core\src\BitArray.h(215): message :         with
E:\Developments\Cadaqs\caNamespace\castudio\xcross\xlang\xlang\xlibrarys\zxing\zxing_cpp\core\src\BitArray.h(215): message :         [
E:\Developments\Cadaqs\caNamespace\castudio\xcross\xlang\xlang\xlibrarys\zxing\zxing_cpp\core\src\BitArray.h(215): message :             ITER=ZXing::BitArray::Iterator
E:\Developments\Cadaqs\caNamespace\castudio\xcross\xlang\xlang\xlibrarys\zxing\zxing_cpp\core\src\BitArray.h(215): message :         ]
E:\Developments\Cadaqs\caNamespace\castudio\xcross\xlang\xlang\xlibrarys\zxing\zxing_cpp\core\src\BitArray.h(302,1): warning C4805:  “==”: 在操作中将类型“uint8_t”与类型“const bool”混合不安全
E:\Developments\Cadaqs\caNamespace\castudio\xcross\xlang\xlang\xlibrarys\zxing\zxing_cpp\core\src\BitArray.h(180,1): warning C4805:  “!=”: 在操作中将类型“const unsigned char”与类型“bool”混合不安全
  ODEANManufacturerOrgSupport.cpp
  ODITFReader.cpp
E:\Developments\Cadaqs\caNamespace\castudio\xcross\xlang\xlang\xlibrarys\zxing\zxing_cpp\core\src\BitArray.h(215): message :  查看对正在编译的函数 模板 实例化“ITER ZXing::BitArray::getNextSetTo<ZXing::BitArray::Iterator>(ITER,ITER,bool) noexcept”的引用
E:\Developments\Cadaqs\caNamespace\castudio\xcross\xlang\xlang\xlibrarys\zxing\zxing_cpp\core\src\BitArray.h(215): message :         with
E:\Developments\Cadaqs\caNamespace\castudio\xcross\xlang\xlang\xlibrarys\zxing\zxing_cpp\core\src\BitArray.h(215): message :         [
E:\Developments\Cadaqs\caNamespace\castudio\xcross\xlang\xlang\xlibrarys\zxing\zxing_cpp\core\src\BitArray.h(215): message :             ITER=ZXing::BitArray::Iterator
E:\Developments\Cadaqs\caNamespace\castudio\xcross\xlang\xlang\xlibrarys\zxing\zxing_cpp\core\src\BitArray.h(215): message :         ]
E:\Developments\Cadaqs\caNamespace\castudio\xcross\xlang\xlang\xlibrarys\zxing\zxing_cpp\core\src\BitArray.h(302,1): warning C4805:  “==”: 在操作中将类型“uint8_t”与类型“const bool”混合不安全
E:\Developments\Cadaqs\caNamespace\castudio\xcross\xlang\xlang\xlibrarys\zxing\zxing_cpp\core\src\BitArray.h(180,1): warning C4805:  “!=”: 在操作中将类型“const unsigned char”与类型“bool”混合不安全
  ODMultiUPCEANReader.cpp
E:\Developments\Cadaqs\caNamespace\castudio\xcross\xlang\xlang\xlibrarys\zxing\zxing_cpp\core\src\BitArray.h(215): message :  查看对正在编译的函数 模板 实例化“ITER ZXing::BitArray::getNextSetTo<ZXing::BitArray::Iterator>(ITER,ITER,bool) noexcept”的引用
E:\Developments\Cadaqs\caNamespace\castudio\xcross\xlang\xlang\xlibrarys\zxing\zxing_cpp\core\src\BitArray.h(215): message :         with
E:\Developments\Cadaqs\caNamespace\castudio\xcross\xlang\xlang\xlibrarys\zxing\zxing_cpp\core\src\BitArray.h(215): message :         [
E:\Developments\Cadaqs\caNamespace\castudio\xcross\xlang\xlang\xlibrarys\zxing\zxing_cpp\core\src\BitArray.h(215): message :             ITER=ZXing::BitArray::Iterator
E:\Developments\Cadaqs\caNamespace\castudio\xcross\xlang\xlang\xlibrarys\zxing\zxing_cpp\core\src\BitArray.h(215): message :         ]
E:\Developments\Cadaqs\caNamespace\castudio\xcross\xlang\xlang\xlibrarys\zxing\zxing_cpp\core\src\BitArray.h(302,1): warning C4805:  “==”: 在操作中将类型“uint8_t”与类型“const bool”混合不安全
E:\Developments\Cadaqs\caNamespace\castudio\xcross\xlang\xlang\xlibrarys\zxing\zxing_cpp\core\src\BitArray.h(180,1): warning C4805:  “!=”: 在操作中将类型“const unsigned char”与类型“bool”混合不安全
  正在编译...
  ODReader.cpp
E:\Developments\Cadaqs\caNamespace\castudio\xcross\xlang\xlang\xlibrarys\zxing\zxing_cpp\core\src\BitArray.h(215): message :  查看对正在编译的函数 模板 实例化“ITER ZXing::BitArray::getNextSetTo<ZXing::BitArray::Iterator>(ITER,ITER,bool) noexcept”的引用
E:\Developments\Cadaqs\caNamespace\castudio\xcross\xlang\xlang\xlibrarys\zxing\zxing_cpp\core\src\BitArray.h(215): message :         with
E:\Developments\Cadaqs\caNamespace\castudio\xcross\xlang\xlang\xlibrarys\zxing\zxing_cpp\core\src\BitArray.h(215): message :         [
E:\Developments\Cadaqs\caNamespace\castudio\xcross\xlang\xlang\xlibrarys\zxing\zxing_cpp\core\src\BitArray.h(215): message :             ITER=ZXing::BitArray::Iterator
E:\Developments\Cadaqs\caNamespace\castudio\xcross\xlang\xlang\xlibrarys\zxing\zxing_cpp\core\src\BitArray.h(215): message :         ]
E:\Developments\Cadaqs\caNamespace\castudio\xcross\xlang\xlang\xlibrarys\zxing\zxing_cpp\core\src\BitArray.h(302,1): warning C4805:  “==”: 在操作中将类型“uint8_t”与类型“const bool”混合不安全
E:\Developments\Cadaqs\caNamespace\castudio\xcross\xlang\xlang\xlibrarys\zxing\zxing_cpp\core\src\BitArray.h(180,1): warning C4805:  “!=”: 在操作中将类型“const unsigned char”与类型“bool”混合不安全
  ODRowReader.cpp
E:\Developments\Cadaqs\caNamespace\castudio\xcross\xlang\xlang\xlibrarys\zxing\zxing_cpp\core\src\BitArray.h(215): message :  查看对正在编译的函数 模板 实例化“ITER ZXing::BitArray::getNextSetTo<ZXing::BitArray::Iterator>(ITER,ITER,bool) noexcept”的引用
E:\Developments\Cadaqs\caNamespace\castudio\xcross\xlang\xlang\xlibrarys\zxing\zxing_cpp\core\src\BitArray.h(215): message :         with
E:\Developments\Cadaqs\caNamespace\castudio\xcross\xlang\xlang\xlibrarys\zxing\zxing_cpp\core\src\BitArray.h(215): message :         [
E:\Developments\Cadaqs\caNamespace\castudio\xcross\xlang\xlang\xlibrarys\zxing\zxing_cpp\core\src\BitArray.h(215): message :             ITER=ZXing::BitArray::Iterator
E:\Developments\Cadaqs\caNamespace\castudio\xcross\xlang\xlang\xlibrarys\zxing\zxing_cpp\core\src\BitArray.h(215): message :         ]
E:\Developments\Cadaqs\caNamespace\castudio\xcross\xlang\xlang\xlibrarys\zxing\zxing_cpp\core\src\BitArray.h(302,1): warning C4805:  “==”: 在操作中将类型“uint8_t”与类型“const bool”混合不安全
E:\Developments\Cadaqs\caNamespace\castudio\xcross\xlang\xlang\xlibrarys\zxing\zxing_cpp\core\src\BitArray.h(180,1): warning C4805:  “!=”: 在操作中将类型“const unsigned char”与类型“bool”混合不安全
  ODRSS14Reader.cpp
E:\Developments\Cadaqs\caNamespace\castudio\xcross\xlang\xlang\xlibrarys\zxing\zxing_cpp\core\src\BitArray.h(215): message :  查看对正在编译的函数 模板 实例化“ITER ZXing::BitArray::getNextSetTo<ZXing::BitArray::Iterator>(ITER,ITER,bool) noexcept”的引用
E:\Developments\Cadaqs\caNamespace\castudio\xcross\xlang\xlang\xlibrarys\zxing\zxing_cpp\core\src\BitArray.h(215): message :         with
E:\Developments\Cadaqs\caNamespace\castudio\xcross\xlang\xlang\xlibrarys\zxing\zxing_cpp\core\src\BitArray.h(215): message :         [
E:\Developments\Cadaqs\caNamespace\castudio\xcross\xlang\xlang\xlibrarys\zxing\zxing_cpp\core\src\BitArray.h(215): message :             ITER=ZXing::BitArray::Iterator
E:\Developments\Cadaqs\caNamespace\castudio\xcross\xlang\xlang\xlibrarys\zxing\zxing_cpp\core\src\BitArray.h(215): message :         ]
E:\Developments\Cadaqs\caNamespace\castudio\xcross\xlang\xlang\xlibrarys\zxing\zxing_cpp\core\src\BitArray.h(302,1): warning C4805:  “==”: 在操作中将类型“uint8_t”与类型“const bool”混合不安全
E:\Developments\Cadaqs\caNamespace\castudio\xcross\xlang\xlang\xlibrarys\zxing\zxing_cpp\core\src\oned\rss\ODRSSReaderHelper.h(54,13): warning C4244:  “初始化”: 从“int”转换到“float”，可能丢失数据
E:\Developments\Cadaqs\caNamespace\castudio\xcross\xlang\xlang\xlibrarys\zxing\zxing_cpp\core\src\BitArray.h(180,1): warning C4805:  “!=”: 在操作中将类型“const unsigned char”与类型“bool”混合不安全
  ODRSSExpandedReader.cpp
E:\Developments\Cadaqs\caNamespace\castudio\xcross\xlang\xlang\xlibrarys\zxing\zxing_cpp\core\src\BitArray.h(215): message :  查看对正在编译的函数 模板 实例化“ITER ZXing::BitArray::getNextSetTo<ZXing::BitArray::Iterator>(ITER,ITER,bool) noexcept”的引用
E:\Developments\Cadaqs\caNamespace\castudio\xcross\xlang\xlang\xlibrarys\zxing\zxing_cpp\core\src\BitArray.h(215): message :         with
E:\Developments\Cadaqs\caNamespace\castudio\xcross\xlang\xlang\xlibrarys\zxing\zxing_cpp\core\src\BitArray.h(215): message :         [
E:\Developments\Cadaqs\caNamespace\castudio\xcross\xlang\xlang\xlibrarys\zxing\zxing_cpp\core\src\BitArray.h(215): message :             ITER=ZXing::BitArray::Iterator
E:\Developments\Cadaqs\caNamespace\castudio\xcross\xlang\xlang\xlibrarys\zxing\zxing_cpp\core\src\BitArray.h(215): message :         ]
E:\Developments\Cadaqs\caNamespace\castudio\xcross\xlang\xlang\xlibrarys\zxing\zxing_cpp\core\src\BitArray.h(302,1): warning C4805:  “==”: 在操作中将类型“uint8_t”与类型“const bool”混合不安全
E:\Developments\Cadaqs\caNamespace\castudio\xcross\xlang\xlang\xlibrarys\zxing\zxing_cpp\core\src\oned\rss\ODRSSReaderHelper.h(54,13): warning C4244:  “初始化”: 从“int”转换到“float”，可能丢失数据
E:\Developments\Cadaqs\caNamespace\castudio\xcross\xlang\xlang\xlibrarys\zxing\zxing_cpp\core\src\BitArray.h(180,1): warning C4805:  “!=”: 在操作中将类型“const unsigned char”与类型“bool”混合不安全
  ODUPCAReader.cpp
E:\Developments\Cadaqs\caNamespace\castudio\xcross\xlang\xlang\xlibrarys\zxing\zxing_cpp\core\src\BitArray.h(215): message :  查看对正在编译的函数 模板 实例化“ITER ZXing::BitArray::getNextSetTo<ZXing::BitArray::Iterator>(ITER,ITER,bool) noexcept”的引用
E:\Developments\Cadaqs\caNamespace\castudio\xcross\xlang\xlang\xlibrarys\zxing\zxing_cpp\core\src\BitArray.h(215): message :         with
E:\Developments\Cadaqs\caNamespace\castudio\xcross\xlang\xlang\xlibrarys\zxing\zxing_cpp\core\src\BitArray.h(215): message :         [
E:\Developments\Cadaqs\caNamespace\castudio\xcross\xlang\xlang\xlibrarys\zxing\zxing_cpp\core\src\BitArray.h(215): message :             ITER=ZXing::BitArray::Iterator
E:\Developments\Cadaqs\caNamespace\castudio\xcross\xlang\xlang\xlibrarys\zxing\zxing_cpp\core\src\BitArray.h(215): message :         ]
E:\Developments\Cadaqs\caNamespace\castudio\xcross\xlang\xlang\xlibrarys\zxing\zxing_cpp\core\src\BitArray.h(302,1): warning C4805:  “==”: 在操作中将类型“uint8_t”与类型“const bool”混合不安全
E:\Developments\Cadaqs\caNamespace\castudio\xcross\xlang\xlang\xlibrarys\zxing\zxing_cpp\core\src\BitArray.h(180,1): warning C4805:  “!=”: 在操作中将类型“const unsigned char”与类型“bool”混合不安全
  ODUPCEANExtensionSupport.cpp
E:\Developments\Cadaqs\caNamespace\castudio\xcross\xlang\xlang\xlibrarys\zxing\zxing_cpp\core\src\BitArray.h(215): message :  查看对正在编译的函数 模板 实例化“ITER ZXing::BitArray::getNextSetTo<ZXing::BitArray::Iterator>(ITER,ITER,bool) noexcept”的引用
E:\Developments\Cadaqs\caNamespace\castudio\xcross\xlang\xlang\xlibrarys\zxing\zxing_cpp\core\src\BitArray.h(215): message :         with
E:\Developments\Cadaqs\caNamespace\castudio\xcross\xlang\xlang\xlibrarys\zxing\zxing_cpp\core\src\BitArray.h(215): message :         [
E:\Developments\Cadaqs\caNamespace\castudio\xcross\xlang\xlang\xlibrarys\zxing\zxing_cpp\core\src\BitArray.h(215): message :             ITER=ZXing::BitArray::Iterator
E:\Developments\Cadaqs\caNamespace\castudio\xcross\xlang\xlang\xlibrarys\zxing\zxing_cpp\core\src\BitArray.h(215): message :         ]
E:\Developments\Cadaqs\caNamespace\castudio\xcross\xlang\xlang\xlibrarys\zxing\zxing_cpp\core\src\BitArray.h(302,1): warning C4805:  “==”: 在操作中将类型“uint8_t”与类型“const bool”混合不安全
E:\Developments\Cadaqs\caNamespace\castudio\xcross\xlang\xlang\xlibrarys\zxing\zxing_cpp\core\src\BitArray.h(180,1): warning C4805:  “!=”: 在操作中将类型“const unsigned char”与类型“bool”混合不安全
  ODUPCEANReader.cpp
E:\Developments\Cadaqs\caNamespace\castudio\xcross\xlang\xlang\xlibrarys\zxing\zxing_cpp\core\src\BitArray.h(215): message :  查看对正在编译的函数 模板 实例化“ITER ZXing::BitArray::getNextSetTo<ZXing::BitArray::Iterator>(ITER,ITER,bool) noexcept”的引用
E:\Developments\Cadaqs\caNamespace\castudio\xcross\xlang\xlang\xlibrarys\zxing\zxing_cpp\core\src\BitArray.h(215): message :         with
E:\Developments\Cadaqs\caNamespace\castudio\xcross\xlang\xlang\xlibrarys\zxing\zxing_cpp\core\src\BitArray.h(215): message :         [
E:\Developments\Cadaqs\caNamespace\castudio\xcross\xlang\xlang\xlibrarys\zxing\zxing_cpp\core\src\BitArray.h(215): message :             ITER=ZXing::BitArray::Iterator
E:\Developments\Cadaqs\caNamespace\castudio\xcross\xlang\xlang\xlibrarys\zxing\zxing_cpp\core\src\BitArray.h(215): message :         ]
E:\Developments\Cadaqs\caNamespace\castudio\xcross\xlang\xlang\xlibrarys\zxing\zxing_cpp\core\src\BitArray.h(302,1): warning C4805:  “==”: 在操作中将类型“uint8_t”与类型“const bool”混合不安全
E:\Developments\Cadaqs\caNamespace\castudio\xcross\xlang\xlang\xlibrarys\zxing\zxing_cpp\core\src\BitArray.h(180,1): warning C4805:  “!=”: 在操作中将类型“const unsigned char”与类型“bool”混合不安全
  ODUPCEReader.cpp
E:\Developments\Cadaqs\caNamespace\castudio\xcross\xlang\xlang\xlibrarys\zxing\zxing_cpp\core\src\BitArray.h(215): message :  查看对正在编译的函数 模板 实例化“ITER ZXing::BitArray::getNextSetTo<ZXing::BitArray::Iterator>(ITER,ITER,bool) noexcept”的引用
E:\Developments\Cadaqs\caNamespace\castudio\xcross\xlang\xlang\xlibrarys\zxing\zxing_cpp\core\src\BitArray.h(215): message :         with
E:\Developments\Cadaqs\caNamespace\castudio\xcross\xlang\xlang\xlibrarys\zxing\zxing_cpp\core\src\BitArray.h(215): message :         [
E:\Developments\Cadaqs\caNamespace\castudio\xcross\xlang\xlang\xlibrarys\zxing\zxing_cpp\core\src\BitArray.h(215): message :             ITER=ZXing::BitArray::Iterator
E:\Developments\Cadaqs\caNamespace\castudio\xcross\xlang\xlang\xlibrarys\zxing\zxing_cpp\core\src\BitArray.h(215): message :         ]
E:\Developments\Cadaqs\caNamespace\castudio\xcross\xlang\xlang\xlibrarys\zxing\zxing_cpp\core\src\BitArray.h(302,1): warning C4805:  “==”: 在操作中将类型“uint8_t”与类型“const bool”混合不安全
E:\Developments\Cadaqs\caNamespace\castudio\xcross\xlang\xlang\xlibrarys\zxing\zxing_cpp\core\src\BitArray.h(180,1): warning C4805:  “!=”: 在操作中将类型“const unsigned char”与类型“bool”混合不安全
  ODCodabarWriter.cpp
  ODCode39Writer.cpp
  ODCode93Writer.cpp
  ODCode128Writer.cpp
  ODEAN8Writer.cpp
E:\Developments\Cadaqs\caNamespace\castudio\xcross\xlang\xlang\xlibrarys\zxing\zxing_cpp\core\src\BitArray.h(215): message :  查看对正在编译的函数 模板 实例化“ITER ZXing::BitArray::getNextSetTo<ZXing::BitArray::Iterator>(ITER,ITER,bool) noexcept”的引用
E:\Developments\Cadaqs\caNamespace\castudio\xcross\xlang\xlang\xlibrarys\zxing\zxing_cpp\core\src\BitArray.h(215): message :         with
E:\Developments\Cadaqs\caNamespace\castudio\xcross\xlang\xlang\xlibrarys\zxing\zxing_cpp\core\src\BitArray.h(215): message :         [
E:\Developments\Cadaqs\caNamespace\castudio\xcross\xlang\xlang\xlibrarys\zxing\zxing_cpp\core\src\BitArray.h(215): message :             ITER=ZXing::BitArray::Iterator
E:\Developments\Cadaqs\caNamespace\castudio\xcross\xlang\xlang\xlibrarys\zxing\zxing_cpp\core\src\BitArray.h(215): message :         ]
E:\Developments\Cadaqs\caNamespace\castudio\xcross\xlang\xlang\xlibrarys\zxing\zxing_cpp\core\src\BitArray.h(302,1): warning C4805:  “==”: 在操作中将类型“uint8_t”与类型“const bool”混合不安全
E:\Developments\Cadaqs\caNamespace\castudio\xcross\xlang\xlang\xlibrarys\zxing\zxing_cpp\core\src\BitArray.h(180,1): warning C4805:  “!=”: 在操作中将类型“const unsigned char”与类型“bool”混合不安全
  ODEAN13Writer.cpp
E:\Developments\Cadaqs\caNamespace\castudio\xcross\xlang\xlang\xlibrarys\zxing\zxing_cpp\core\src\BitArray.h(215): message :  查看对正在编译的函数 模板 实例化“ITER ZXing::BitArray::getNextSetTo<ZXing::BitArray::Iterator>(ITER,ITER,bool) noexcept”的引用
E:\Developments\Cadaqs\caNamespace\castudio\xcross\xlang\xlang\xlibrarys\zxing\zxing_cpp\core\src\BitArray.h(215): message :         with
E:\Developments\Cadaqs\caNamespace\castudio\xcross\xlang\xlang\xlibrarys\zxing\zxing_cpp\core\src\BitArray.h(215): message :         [
E:\Developments\Cadaqs\caNamespace\castudio\xcross\xlang\xlang\xlibrarys\zxing\zxing_cpp\core\src\BitArray.h(215): message :             ITER=ZXing::BitArray::Iterator
E:\Developments\Cadaqs\caNamespace\castudio\xcross\xlang\xlang\xlibrarys\zxing\zxing_cpp\core\src\BitArray.h(215): message :         ]
E:\Developments\Cadaqs\caNamespace\castudio\xcross\xlang\xlang\xlibrarys\zxing\zxing_cpp\core\src\BitArray.h(302,1): warning C4805:  “==”: 在操作中将类型“uint8_t”与类型“const bool”混合不安全
E:\Developments\Cadaqs\caNamespace\castudio\xcross\xlang\xlang\xlibrarys\zxing\zxing_cpp\core\src\BitArray.h(180,1): warning C4805:  “!=”: 在操作中将类型“const unsigned char”与类型“bool”混合不安全
  ODITFWriter.cpp
  ODUPCEWriter.cpp
E:\Developments\Cadaqs\caNamespace\castudio\xcross\xlang\xlang\xlibrarys\zxing\zxing_cpp\core\src\BitArray.h(215): message :  查看对正在编译的函数 模板 实例化“ITER ZXing::BitArray::getNextSetTo<ZXing::BitArray::Iterator>(ITER,ITER,bool) noexcept”的引用
E:\Developments\Cadaqs\caNamespace\castudio\xcross\xlang\xlang\xlibrarys\zxing\zxing_cpp\core\src\BitArray.h(215): message :         with
E:\Developments\Cadaqs\caNamespace\castudio\xcross\xlang\xlang\xlibrarys\zxing\zxing_cpp\core\src\BitArray.h(215): message :         [
E:\Developments\Cadaqs\caNamespace\castudio\xcross\xlang\xlang\xlibrarys\zxing\zxing_cpp\core\src\BitArray.h(215): message :             ITER=ZXing::BitArray::Iterator
E:\Developments\Cadaqs\caNamespace\castudio\xcross\xlang\xlang\xlibrarys\zxing\zxing_cpp\core\src\BitArray.h(215): message :         ]
E:\Developments\Cadaqs\caNamespace\castudio\xcross\xlang\xlang\xlibrarys\zxing\zxing_cpp\core\src\BitArray.h(302,1): warning C4805:  “==”: 在操作中将类型“uint8_t”与类型“const bool”混合不安全
E:\Developments\Cadaqs\caNamespace\castudio\xcross\xlang\xlang\xlibrarys\zxing\zxing_cpp\core\src\BitArray.h(180,1): warning C4805:  “!=”: 在操作中将类型“const unsigned char”与类型“bool”混合不安全
  ODUPCAWriter.cpp
  ODWriterHelper.cpp
  ODRSSExpandedBinaryDecoder.cpp
E:\Developments\Cadaqs\caNamespace\castudio\xcross\xlang\xlang\xlibrarys\zxing\zxing_cpp\core\src\BitArray.h(215): message :  查看对正在编译的函数 模板 实例化“ITER ZXing::BitArray::getNextSetTo<ZXing::BitArray::Iterator>(ITER,ITER,bool) noexcept”的引用
E:\Developments\Cadaqs\caNamespace\castudio\xcross\xlang\xlang\xlibrarys\zxing\zxing_cpp\core\src\BitArray.h(215): message :         with
E:\Developments\Cadaqs\caNamespace\castudio\xcross\xlang\xlang\xlibrarys\zxing\zxing_cpp\core\src\BitArray.h(215): message :         [
E:\Developments\Cadaqs\caNamespace\castudio\xcross\xlang\xlang\xlibrarys\zxing\zxing_cpp\core\src\BitArray.h(215): message :             ITER=ZXing::BitArray::Iterator
E:\Developments\Cadaqs\caNamespace\castudio\xcross\xlang\xlang\xlibrarys\zxing\zxing_cpp\core\src\BitArray.h(215): message :         ]
E:\Developments\Cadaqs\caNamespace\castudio\xcross\xlang\xlang\xlibrarys\zxing\zxing_cpp\core\src\BitArray.h(302,1): warning C4805:  “==”: 在操作中将类型“uint8_t”与类型“const bool”混合不安全
E:\Developments\Cadaqs\caNamespace\castudio\xcross\xlang\xlang\xlibrarys\zxing\zxing_cpp\core\src\BitArray.h(180,1): warning C4805:  “!=”: 在操作中将类型“const unsigned char”与类型“bool”混合不安全
  ODRSSFieldParser.cpp
  正在编译...
  ODRSSGenericAppIdDecoder.cpp
E:\Developments\Cadaqs\caNamespace\castudio\xcross\xlang\xlang\xlibrarys\zxing\zxing_cpp\core\src\BitArray.h(215): message :  查看对正在编译的函数 模板 实例化“ITER ZXing::BitArray::getNextSetTo<ZXing::BitArray::Iterator>(ITER,ITER,bool) noexcept”的引用
E:\Developments\Cadaqs\caNamespace\castudio\xcross\xlang\xlang\xlibrarys\zxing\zxing_cpp\core\src\BitArray.h(215): message :         with
E:\Developments\Cadaqs\caNamespace\castudio\xcross\xlang\xlang\xlibrarys\zxing\zxing_cpp\core\src\BitArray.h(215): message :         [
E:\Developments\Cadaqs\caNamespace\castudio\xcross\xlang\xlang\xlibrarys\zxing\zxing_cpp\core\src\BitArray.h(215): message :             ITER=ZXing::BitArray::Iterator
E:\Developments\Cadaqs\caNamespace\castudio\xcross\xlang\xlang\xlibrarys\zxing\zxing_cpp\core\src\BitArray.h(215): message :         ]
E:\Developments\Cadaqs\caNamespace\castudio\xcross\xlang\xlang\xlibrarys\zxing\zxing_cpp\core\src\BitArray.h(302,1): warning C4805:  “==”: 在操作中将类型“uint8_t”与类型“const bool”混合不安全
E:\Developments\Cadaqs\caNamespace\castudio\xcross\xlang\xlang\xlibrarys\zxing\zxing_cpp\core\src\BitArray.h(180,1): warning C4805:  “!=”: 在操作中将类型“const unsigned char”与类型“bool”混合不安全
  ODRSSReaderHelper.cpp
E:\Developments\Cadaqs\caNamespace\castudio\xcross\xlang\xlang\xlibrarys\zxing\zxing_cpp\core\src\BitArray.h(215): message :  查看对正在编译的函数 模板 实例化“ITER ZXing::BitArray::getNextSetTo<ZXing::BitArray::Iterator>(ITER,ITER,bool) noexcept”的引用
E:\Developments\Cadaqs\caNamespace\castudio\xcross\xlang\xlang\xlibrarys\zxing\zxing_cpp\core\src\BitArray.h(215): message :         with
E:\Developments\Cadaqs\caNamespace\castudio\xcross\xlang\xlang\xlibrarys\zxing\zxing_cpp\core\src\BitArray.h(215): message :         [
E:\Developments\Cadaqs\caNamespace\castudio\xcross\xlang\xlang\xlibrarys\zxing\zxing_cpp\core\src\BitArray.h(215): message :             ITER=ZXing::BitArray::Iterator
E:\Developments\Cadaqs\caNamespace\castudio\xcross\xlang\xlang\xlibrarys\zxing\zxing_cpp\core\src\BitArray.h(215): message :         ]
E:\Developments\Cadaqs\caNamespace\castudio\xcross\xlang\xlang\xlibrarys\zxing\zxing_cpp\core\src\BitArray.h(302,1): warning C4805:  “==”: 在操作中将类型“uint8_t”与类型“const bool”混合不安全
E:\Developments\Cadaqs\caNamespace\castudio\xcross\xlang\xlang\xlibrarys\zxing\zxing_cpp\core\src\oned\rss\ODRSSReaderHelper.h(54,13): warning C4244:  “初始化”: 从“int”转换到“float”，可能丢失数据
E:\Developments\Cadaqs\caNamespace\castudio\xcross\xlang\xlang\xlibrarys\zxing\zxing_cpp\core\src\BitArray.h(180,1): warning C4805:  “!=”: 在操作中将类型“const unsigned char”与类型“bool”混合不安全
  PDFBarcodeValue.cpp
  PDFBoundingBox.cpp
  PDFCodewordDecoder.cpp
  PDFDecodedBitStreamParser.cpp
  PDFDetectionResult.cpp
  PDFDetectionResultColumn.cpp
  PDFDetector.cpp
  PDFModulusGF.cpp
  PDFModulusPoly.cpp
  PDFReader.cpp
  PDFScanningDecoder.cpp
  PDFEncoder.cpp
  PDFHighLevelEncoder.cpp
  PDFWriter.cpp
  QRCodecMode.cpp
  QRErrorCorrectionLevel.cpp
  QRVersion.cpp
  QRAlignmentPattern.cpp
  正在编译...
  QRAlignmentPatternFinder.cpp
  QRBitMatrixParser.cpp
  QRDataBlock.cpp
  QRDataMask.cpp
  QRDecoder.cpp
  QRDetector.cpp
  QRFinderPattern.cpp
  QRFinderPatternFinder.cpp
  QRFormatInformation.cpp
  QRReader.cpp
  QREncoder.cpp
E:\Developments\Cadaqs\caNamespace\castudio\xcross\xlang\xlang\xlibrarys\zxing\zxing_cpp\core\src\BitArray.h(215): message :  查看对正在编译的函数 模板 实例化“ITER ZXing::BitArray::getNextSetTo<ZXing::BitArray::Iterator>(ITER,ITER,bool) noexcept”的引用
E:\Developments\Cadaqs\caNamespace\castudio\xcross\xlang\xlang\xlibrarys\zxing\zxing_cpp\core\src\BitArray.h(215): message :         with
E:\Developments\Cadaqs\caNamespace\castudio\xcross\xlang\xlang\xlibrarys\zxing\zxing_cpp\core\src\BitArray.h(215): message :         [
E:\Developments\Cadaqs\caNamespace\castudio\xcross\xlang\xlang\xlibrarys\zxing\zxing_cpp\core\src\BitArray.h(215): message :             ITER=ZXing::BitArray::Iterator
E:\Developments\Cadaqs\caNamespace\castudio\xcross\xlang\xlang\xlibrarys\zxing\zxing_cpp\core\src\BitArray.h(215): message :         ]
E:\Developments\Cadaqs\caNamespace\castudio\xcross\xlang\xlang\xlibrarys\zxing\zxing_cpp\core\src\BitArray.h(302,1): warning C4805:  “==”: 在操作中将类型“uint8_t”与类型“const bool”混合不安全
E:\Developments\Cadaqs\caNamespace\castudio\xcross\xlang\xlang\xlibrarys\zxing\zxing_cpp\core\src\BitArray.h(180,1): warning C4805:  “!=”: 在操作中将类型“const unsigned char”与类型“bool”混合不安全
  QRMaskUtil.cpp
  QRMatrixUtil.cpp
E:\Developments\Cadaqs\caNamespace\castudio\xcross\xlang\xlang\xlibrarys\zxing\zxing_cpp\core\src\BitArray.h(215): message :  查看对正在编译的函数 模板 实例化“ITER ZXing::BitArray::getNextSetTo<ZXing::BitArray::Iterator>(ITER,ITER,bool) noexcept”的引用
E:\Developments\Cadaqs\caNamespace\castudio\xcross\xlang\xlang\xlibrarys\zxing\zxing_cpp\core\src\BitArray.h(215): message :         with
E:\Developments\Cadaqs\caNamespace\castudio\xcross\xlang\xlang\xlibrarys\zxing\zxing_cpp\core\src\BitArray.h(215): message :         [
E:\Developments\Cadaqs\caNamespace\castudio\xcross\xlang\xlang\xlibrarys\zxing\zxing_cpp\core\src\BitArray.h(215): message :             ITER=ZXing::BitArray::Iterator
E:\Developments\Cadaqs\caNamespace\castudio\xcross\xlang\xlang\xlibrarys\zxing\zxing_cpp\core\src\BitArray.h(215): message :         ]
E:\Developments\Cadaqs\caNamespace\castudio\xcross\xlang\xlang\xlibrarys\zxing\zxing_cpp\core\src\BitArray.h(302,1): warning C4805:  “==”: 在操作中将类型“uint8_t”与类型“const bool”混合不安全
E:\Developments\Cadaqs\caNamespace\castudio\xcross\xlang\xlang\xlibrarys\zxing\zxing_cpp\core\src\BitArray.h(180,1): warning C4805:  “!=”: 在操作中将类型“const unsigned char”与类型“bool”混合不安全
  QRWriter.cpp
  Big5MapTable.cpp
  KRHangulMapping.cpp
  Big5TextDecoder.cpp
  GBTextDecoder.cpp
  JPTextDecoder.cpp
  KRTextDecoder.cpp
  正在编译...
  Big5TextEncoder.cpp
  GBTextEncoder.cpp
  JPTextEncoder.cpp
  KRTextEncoder.cpp
E:\Developments\Cadaqs\caNamespace\castudio\xcross\xlang\xlang\xlibrarys\zxing\zxing_cpp\core\src\BitArray.h(215): message :  查看对正在编译的函数 模板 实例化“ITER ZXing::BitArray::getNextSetTo<ZXing::BitArray::Iterator>(ITER,ITER,bool) noexcept”的引用
E:\Developments\Cadaqs\caNamespace\castudio\xcross\xlang\xlang\xlibrarys\zxing\zxing_cpp\core\src\BitArray.h(215): message :         with
E:\Developments\Cadaqs\caNamespace\castudio\xcross\xlang\xlang\xlibrarys\zxing\zxing_cpp\core\src\BitArray.h(215): message :         [
E:\Developments\Cadaqs\caNamespace\castudio\xcross\xlang\xlang\xlibrarys\zxing\zxing_cpp\core\src\BitArray.h(215): message :             ITER=ZXing::BitArray::Iterator
E:\Developments\Cadaqs\caNamespace\castudio\xcross\xlang\xlang\xlibrarys\zxing\zxing_cpp\core\src\BitArray.h(215): message :         ]
    正在创建库 E:\Developments\Cadaqs\caNamespace\castudio\xcross\xlang\xlang\xlibrarys\zxing\zxing_cpp\win\build\Release\ZXingCore.lib 和对象 E:\Developments\Cadaqs\caNamespace\castudio\xcross\xlang\xlang\xlibrarys\zxing\zxing_cpp\win\build\Release\ZXingCore.exp
  正在生成代码
  已完成代码的生成
  ZXingCore.vcxproj -> E:\Developments\Cadaqs\caNamespace\castudio\xcross\xlang\xlang\xlibrarys\zxing\zxing_cpp\win\build\Release\ZXingCore.dll
