生成启动时间为 2019/5/9 21:08:06。
     1>项目“E:\Developments\Cadaqs\caNamespace\castudio\xcross\xlang\xlang\xlibrarys\XMultiMixer\XMultiMixer\XMultiMixer.vcxproj”在节点 2 上(Build 个目标)。
     1>ClCompile:
         C:\Program Files (x86)\Microsoft Visual Studio 12.0\VC\bin\x86_amd64\CL.exe /c /I"C:\Program Files (x86)\Visual Leak Detector\include" /Zi /nologo /W3 /WX- /sdl /O2 /Oi /GL /D WIN32 /D NDEBUG /D _WINDOWS /D _USRDLL /D XMULTIMIXER_EXPORTS /D _WINDLL /D _UNICODE /D UNICODE /Gm- /EHsc /MT /GS /Gy /Zc:wchar_t /Zc:forScope /Yc"stdafx.h" /Fp"x64\Release\XMultiMixer.pch" /Fo"x64\Release\\" /Fd"x64\Release\vc120.pdb" /Gd /TP /errorReport:prompt stdafx.cpp
         stdafx.cpp
         C:\Program Files (x86)\Microsoft Visual Studio 12.0\VC\bin\x86_amd64\CL.exe /c /I"C:\Program Files (x86)\Visual Leak Detector\include" /Zi /nologo /W3 /WX- /sdl /O2 /Oi /GL /D WIN32 /D NDEBUG /D _WINDOWS /D _USRDLL /D XMULTIMIXER_EXPORTS /D _WINDLL /D _UNICODE /D UNICODE /Gm- /EHsc /MT /GS /Gy /Zc:wchar_t /Zc:forScope /Yu"stdafx.h" /Fp"x64\Release\XMultiMixer.pch" /Fo"x64\Release\\" /Fd"x64\Release\vc120.pdb" /Gd /TP /errorReport:prompt caMediaStream.cpp caStreamMixer.cpp XMultiMixer.cpp
         caMediaStream.cpp
     1>caMediaStream.cpp(35): warning C4267: “初始化”: 从“size_t”转换到“long”，可能丢失数据
     1>caMediaStream.cpp(64): warning C4267: “return”: 从“size_t”转换到“uint32”，可能丢失数据
     1>caMediaStream.cpp(233): warning C4267: “参数”: 从“size_t”转换到“uint32”，可能丢失数据
         caStreamMixer.cpp
     1>caStreamMixer.cpp(68): warning C4267: “return”: 从“size_t”转换到“int”，可能丢失数据
     1>caStreamMixer.cpp(143): warning C4267: “return”: 从“size_t”转换到“int”，可能丢失数据
         XMultiMixer.cpp
     1>XMultiMixer.cpp(24): warning C4267: “=”: 从“size_t”转换到“xint”，可能丢失数据
         C:\Program Files (x86)\Microsoft Visual Studio 12.0\VC\bin\x86_amd64\CL.exe /c /I"C:\Program Files (x86)\Visual Leak Detector\include" /Zi /nologo /W3 /WX- /sdl /O2 /Oi /GL /D WIN32 /D NDEBUG /D _WINDOWS /D _USRDLL /D XMULTIMIXER_EXPORTS /D _WINDLL /D _UNICODE /D UNICODE /Gm- /EHsc /MT /GS /Gy /Zc:wchar_t /Zc:forScope /Fo"x64\Release\\" /Fd"x64\Release\vc120.pdb" /Gd /TP /errorReport:prompt dllmain.cpp
         dllmain.cpp
       Link:
         C:\Program Files (x86)\Microsoft Visual Studio 12.0\VC\bin\x86_amd64\link.exe /ERRORREPORT:PROMPT /OUT:"E:\Developments\Cadaqs\caNamespace\castudio\xcross\xlang\xlang\xlibrarys\XMultiMixer\x64\Release\XMultiMixer.dll" /INCREMENTAL:NO /NOLOGO /LIBPATH:"C:\Program Files (x86)\Visual Leak Detector\lib\Win64" capool.lib caallocator.lib cathreadpool.lib catimer.lib caUtils.lib ws2_32.lib kernel32.lib user32.lib gdi32.lib winspool.lib comdlg32.lib advapi32.lib shell32.lib ole32.lib oleaut32.lib uuid.lib odbc32.lib odbccp32.lib /DEF:"XMultiMixer.def" /MANIFEST /MANIFESTUAC:"level='asInvoker' uiAccess='false'" /manifest:embed /DEBUG /PDB:"E:\Developments\Cadaqs\caNamespace\castudio\xcross\xlang\xlang\xlibrarys\XMultiMixer\x64\Release\XMultiMixer.pdb" /SUBSYSTEM:WINDOWS /OPT:REF /OPT:ICF /LTCG /TLBID:1 /DYNAMICBASE /NXCOMPAT /IMPLIB:"E:\Developments\Cadaqs\caNamespace\castudio\xcross\xlang\xlang\xlibrarys\XMultiMixer\x64\Release\XMultiMixer.lib" /MACHINE:X64 /DLL x64\Release\caMediaStream.obj
         x64\Release\caStreamMixer.obj
         x64\Release\dllmain.obj
         x64\Release\stdafx.obj
         x64\Release\XMultiMixer.obj
            正在创建库 E:\Developments\Cadaqs\caNamespace\castudio\xcross\xlang\xlang\xlibrarys\XMultiMixer\x64\Release\XMultiMixer.lib 和对象 E:\Developments\Cadaqs\caNamespace\castudio\xcross\xlang\xlang\xlibrarys\XMultiMixer\x64\Release\XMultiMixer.exp
         正在生成代码
         已完成代码的生成
         XMultiMixer.vcxproj -> E:\Developments\Cadaqs\caNamespace\castudio\xcross\xlang\xlang\xlibrarys\XMultiMixer\x64\Release\XMultiMixer.dll
     1>已完成生成项目“E:\Developments\Cadaqs\caNamespace\castudio\xcross\xlang\xlang\xlibrarys\XMultiMixer\XMultiMixer\XMultiMixer.vcxproj”(Build 个目标)的操作。

生成成功。

已用时间 00:00:02.14
