  QXApplication.cpp
  QXLibrary.cpp
  xid.cpp
  moc_QXApplication.cpp
Qt5Designer.lib(qtpropertybrowser.obj) : warning LNK4006: "public: static struct QMetaObject const QtAbstractPropertyManager::staticMetaObject" (?staticMetaObject@QtAbstractPropertyManager@@2UQMetaObject@@B) 已在 QtSolutions_PropertyBrowser-head.lib(qtpropertybrowser.obj) 中定义；已忽略第二个定义
Qt5Designer.lib(qtpropertybrowser.obj) : warning LNK4006: "public: static struct QMetaObject const QtAbstractEditorFactoryBase::staticMetaObject" (?staticMetaObject@QtAbstractEditorFactoryBase@@2UQMetaObject@@B) 已在 QtSolutions_PropertyBrowser-head.lib(qtpropertybrowser.obj) 中定义；已忽略第二个定义
Qt5Designer.lib(qtpropertybrowser.obj) : warning LNK4006: "public: static struct QMetaObject const QtAbstractPropertyBrowser::staticMetaObject" (?staticMetaObject@QtAbstractPropertyBrowser@@2UQMetaObject@@B) 已在 QtSolutions_PropertyBrowser-head.lib(qtpropertybrowser.obj) 中定义；已忽略第二个定义
    正在创建库 E:\Developments\Cadaqs\caNamespace\castudio\xcross\xlang\xlang\xlibrarys\QXLibrary\Win32\Release\QXLibrary.lib 和对象 E:\Developments\Cadaqs\caNamespace\castudio\xcross\xlang\xlang\xlibrarys\QXLibrary\Win32\Release\QXLibrary.exp
E:\Developments\Cadaqs\caNamespace\castudio\xcross\xlang\xlang\xlibrarys\QXLibrary\Win32\Release\QXLibrary.dll : warning LNK4088: 因 /FORCE 选项生成了映像；映像可能不能运行
  正在生成代码
  已完成代码的生成
Qt5Designer.lib(abstractformbuilder.obj) : warning LNK4006: "public: void __thiscall FormBuilderSaveLayoutEntry::setAlignment(class QFlags<enum Qt::AlignmentFlag>)" (?setAlignment@FormBuilderSaveLayoutEntry@@QAEXV?$QFlags@W4AlignmentFlag@Qt@@@@@Z) 已在 Qt5UiTools.lib(abstractformbuilder.obj) 中定义；已忽略第二个定义
Qt5Designer.lib(qtpropertybrowser.obj) : warning LNK4006: "private: static void __cdecl QtAbstractPropertyManager::qt_static_metacall(class QObject *,enum QMetaObject::Call,int,void * *)" (?qt_static_metacall@QtAbstractPropertyManager@@CAXPAVQObject@@W4Call@QMetaObject@@HPAPAX@Z) 已在 QtSolutions_PropertyBrowser-head.lib(qtpropertybrowser.obj) 中定义；已忽略第二个定义
Qt5Designer.lib(qtpropertybrowser.obj) : warning LNK4006: "private: static void __cdecl QtAbstractEditorFactoryBase::qt_static_metacall(class QObject *,enum QMetaObject::Call,int,void * *)" (?qt_static_metacall@QtAbstractEditorFactoryBase@@CAXPAVQObject@@W4Call@QMetaObject@@HPAPAX@Z) 已在 QtSolutions_PropertyBrowser-head.lib(qtpropertybrowser.obj) 中定义；已忽略第二个定义
Qt5Designer.lib(qtpropertybrowser.obj) : warning LNK4006: "private: static void __cdecl QtAbstractPropertyBrowser::qt_static_metacall(class QObject *,enum QMetaObject::Call,int,void * *)" (?qt_static_metacall@QtAbstractPropertyBrowser@@CAXPAVQObject@@W4Call@QMetaObject@@HPAPAX@Z) 已在 QtSolutions_PropertyBrowser-head.lib(qtpropertybrowser.obj) 中定义；已忽略第二个定义
Qt5Designer.lib(qtpropertybrowser.obj) : warning LNK4006: "public: __thiscall QtAbstractPropertyBrowser::QtAbstractPropertyBrowser(class QWidget *)" (??0QtAbstractPropertyBrowser@@QAE@PAVQWidget@@@Z) 已在 QtSolutions_PropertyBrowser-head.lib(qtpropertybrowser.obj) 中定义；已忽略第二个定义
Qt5Designer.lib(qtpropertybrowser.obj) : warning LNK4006: "public: __thiscall QtAbstractPropertyBrowserPrivate::QtAbstractPropertyBrowserPrivate(void)" (??0QtAbstractPropertyBrowserPrivate@@QAE@XZ) 已在 QtSolutions_PropertyBrowser-head.lib(qtpropertybrowser.obj) 中定义；已忽略第二个定义
Qt5Designer.lib(qtpropertybrowser.obj) : warning LNK4006: "public: __thiscall QtAbstractPropertyManager::QtAbstractPropertyManager(class QObject *)" (??0QtAbstractPropertyManager@@QAE@PAVQObject@@@Z) 已在 QtSolutions_PropertyBrowser-head.lib(qtpropertybrowser.obj) 中定义；已忽略第二个定义
Qt5Designer.lib(qtpropertybrowser.obj) : warning LNK4006: "private: __thiscall QtBrowserItem::QtBrowserItem(class QtAbstractPropertyBrowser *,class QtProperty *,class QtBrowserItem *)" (??0QtBrowserItem@@AAE@PAVQtAbstractPropertyBrowser@@PAVQtProperty@@PAV0@@Z) 已在 QtSolutions_PropertyBrowser-head.lib(qtpropertybrowser.obj) 中定义；已忽略第二个定义
Qt5Designer.lib(qtpropertybrowser.obj) : warning LNK4006: "protected: __thiscall QtProperty::QtProperty(class QtAbstractPropertyManager *)" (??0QtProperty@@IAE@PAVQtAbstractPropertyManager@@@Z) 已在 QtSolutions_PropertyBrowser-head.lib(qtpropertybrowser.obj) 中定义；已忽略第二个定义
Qt5Designer.lib(qtpropertybrowser.obj) : warning LNK4006: "public: virtual __thiscall QtAbstractPropertyBrowser::~QtAbstractPropertyBrowser(void)" (??1QtAbstractPropertyBrowser@@UAE@XZ) 已在 QtSolutions_PropertyBrowser-head.lib(qtpropertybrowser.obj) 中定义；已忽略第二个定义
Qt5Designer.lib(qtpropertybrowser.obj) : warning LNK4006: "public: virtual __thiscall QtAbstractPropertyManager::~QtAbstractPropertyManager(void)" (??1QtAbstractPropertyManager@@UAE@XZ) 已在 QtSolutions_PropertyBrowser-head.lib(qtpropertybrowser.obj) 中定义；已忽略第二个定义
Qt5Designer.lib(qtpropertybrowser.obj) : warning LNK4006: "private: __thiscall QtBrowserItem::~QtBrowserItem(void)" (??1QtBrowserItem@@AAE@XZ) 已在 QtSolutions_PropertyBrowser-head.lib(qtpropertybrowser.obj) 中定义；已忽略第二个定义
Qt5Designer.lib(qtpropertybrowser.obj) : warning LNK4006: "public: virtual __thiscall QtProperty::~QtProperty(void)" (??1QtProperty@@UAE@XZ) 已在 QtSolutions_PropertyBrowser-head.lib(qtpropertybrowser.obj) 中定义；已忽略第二个定义
Qt5Designer.lib(qtpropertybrowser.obj) : warning LNK4006: "public: void __thiscall QtBrowserItemPrivate::addChild(class QtBrowserItem *,class QtBrowserItem *)" (?addChild@QtBrowserItemPrivate@@QAEXPAVQtBrowserItem@@0@Z) 已在 QtSolutions_PropertyBrowser-head.lib(qtpropertybrowser.obj) 中定义；已忽略第二个定义
Qt5Designer.lib(qtpropertybrowser.obj) : warning LNK4006: "private: bool __thiscall QtAbstractPropertyBrowser::addFactory(class QtAbstractPropertyManager *,class QtAbstractEditorFactoryBase *)" (?addFactory@QtAbstractPropertyBrowser@@AAE_NPAVQtAbstractPropertyManager@@PAVQtAbstractEditorFactoryBase@@@Z) 已在 QtSolutions_PropertyBrowser-head.lib(qtpropertybrowser.obj) 中定义；已忽略第二个定义
Qt5Designer.lib(qtpropertybrowser.obj) : warning LNK4006: "public: class QtBrowserItem * __thiscall QtAbstractPropertyBrowser::addProperty(class QtProperty *)" (?addProperty@QtAbstractPropertyBrowser@@QAEPAVQtBrowserItem@@PAVQtProperty@@@Z) 已在 QtSolutions_PropertyBrowser-head.lib(qtpropertybrowser.obj) 中定义；已忽略第二个定义
Qt5Designer.lib(qtpropertybrowser.obj) : warning LNK4006: "public: class QtProperty * __thiscall QtAbstractPropertyManager::addProperty(class QString const &)" (?addProperty@QtAbstractPropertyManager@@QAEPAVQtProperty@@ABVQString@@@Z) 已在 QtSolutions_PropertyBrowser-head.lib(qtpropertybrowser.obj) 中定义；已忽略第二个定义
Qt5Designer.lib(qtpropertybrowser.obj) : warning LNK4006: "public: void __thiscall QtProperty::addSubProperty(class QtProperty *)" (?addSubProperty@QtProperty@@QAEXPAV1@@Z) 已在 QtSolutions_PropertyBrowser-head.lib(qtpropertybrowser.obj) 中定义；已忽略第二个定义
Qt5Designer.lib(qtpropertybrowser.obj) : warning LNK4006: "public: class QtAbstractPropertyBrowser * __thiscall QtBrowserItem::browser(void)const " (?browser@QtBrowserItem@@QBEPAVQtAbstractPropertyBrowser@@XZ) 已在 QtSolutions_PropertyBrowser-head.lib(qtpropertybrowser.obj) 中定义；已忽略第二个定义
Qt5Designer.lib(qtpropertybrowser.obj) : warning LNK4006: "public: class QList<class QtBrowserItem *> __thiscall QtBrowserItem::children(void)const " (?children@QtBrowserItem@@QBE?AV?$QList@PAVQtBrowserItem@@@@XZ) 已在 QtSolutions_PropertyBrowser-head.lib(qtpropertybrowser.obj) 中定义；已忽略第二个定义
Qt5Designer.lib(qtpropertybrowser.obj) : warning LNK4006: "public: void __thiscall QtAbstractPropertyBrowser::clear(void)" (?clear@QtAbstractPropertyBrowser@@QAEXXZ) 已在 QtSolutions_PropertyBrowser-head.lib(qtpropertybrowser.obj) 中定义；已忽略第二个定义
Qt5Designer.lib(qtpropertybrowser.obj) : warning LNK4006: "public: void __thiscall QtAbstractPropertyManager::clear(void)const " (?clear@QtAbstractPropertyManager@@QBEXXZ) 已在 QtSolutions_PropertyBrowser-head.lib(qtpropertybrowser.obj) 中定义；已忽略第二个定义
Qt5Designer.lib(qtpropertybrowser.obj) : warning LNK4006: "public: void __thiscall QtAbstractPropertyBrowserPrivate::clearIndex(class QtBrowserItem *)" (?clearIndex@QtAbstractPropertyBrowserPrivate@@QAEXPAVQtBrowserItem@@@Z) 已在 QtSolutions_PropertyBrowser-head.lib(qtpropertybrowser.obj) 中定义；已忽略第二个定义
Qt5Designer.lib(qtpropertybrowser.obj) : warning LNK4006: "public: class QtBrowserItem * __thiscall QtAbstractPropertyBrowserPrivate::createBrowserIndex(class QtProperty *,class QtBrowserItem *,class QtBrowserItem *)" (?createBrowserIndex@QtAbstractPropertyBrowserPrivate@@QAEPAVQtBrowserItem@@PAVQtProperty@@PAV2@1@Z) 已在 QtSolutions_PropertyBrowser-head.lib(qtpropertybrowser.obj) 中定义；已忽略第二个定义
Qt5Designer.lib(qtpropertybrowser.obj) : warning LNK4006: "public: void __thiscall QtAbstractPropertyBrowserPrivate::createBrowserIndexes(class QtProperty *,class QtProperty *,class QtProperty *)" (?createBrowserIndexes@QtAbstractPropertyBrowserPrivate@@QAEXPAVQtProperty@@00@Z) 已在 QtSolutions_PropertyBrowser-head.lib(qtpropertybrowser.obj) 中定义；已忽略第二个定义
Qt5Designer.lib(qtpropertybrowser.obj) : warning LNK4006: "protected: virtual class QWidget * __thiscall QtAbstractPropertyBrowser::createEditor(class QtProperty *,class QWidget *)" (?createEditor@QtAbstractPropertyBrowser@@MAEPAVQWidget@@PAVQtProperty@@PAV2@@Z) 已在 QtSolutions_PropertyBrowser-head.lib(qtpropertybrowser.obj) 中定义；已忽略第二个定义
Qt5Designer.lib(qtpropertybrowser.obj) : warning LNK4006: "protected: virtual class QtProperty * __thiscall QtAbstractPropertyManager::createProperty(void)" (?createProperty@QtAbstractPropertyManager@@MAEPAVQtProperty@@XZ) 已在 QtSolutions_PropertyBrowser-head.lib(qtpropertybrowser.obj) 中定义；已忽略第二个定义
Qt5Designer.lib(qtpropertybrowser.obj) : warning LNK4006: "public: class QtBrowserItem * __thiscall QtAbstractPropertyBrowser::currentItem(void)const " (?currentItem@QtAbstractPropertyBrowser@@QBEPAVQtBrowserItem@@XZ) 已在 QtSolutions_PropertyBrowser-head.lib(qtpropertybrowser.obj) 中定义；已忽略第二个定义
Qt5Designer.lib(qtpropertybrowser.obj) : warning LNK4006: "public: void __thiscall QtAbstractPropertyBrowser::currentItemChanged(class QtBrowserItem *)" (?currentItemChanged@QtAbstractPropertyBrowser@@QAEXPAVQtBrowserItem@@@Z) 已在 QtSolutions_PropertyBrowser-head.lib(qtpropertybrowser.obj) 中定义；已忽略第二个定义
Qt5Designer.lib(qtpropertybrowser.obj) : warning LNK4006: "protected: virtual bool __thiscall QtAbstractPropertyManager::hasValue(class QtProperty const *)const " (?hasValue@QtAbstractPropertyManager@@MBE_NPBVQtProperty@@@Z) 已在 QtSolutions_PropertyBrowser-head.lib(qtpropertybrowser.obj) 中定义；已忽略第二个定义
Qt5Designer.lib(qtpropertybrowser.obj) : warning LNK4006: "public: bool __thiscall QtProperty::hasValue(void)const " (?hasValue@QtProperty@@QBE_NXZ) 已在 QtSolutions_PropertyBrowser-head.lib(qtpropertybrowser.obj) 中定义；已忽略第二个定义
Qt5Designer.lib(qtpropertybrowser.obj) : warning LNK4006: "public: class QtBrowserItem * __thiscall QtAbstractPropertyBrowser::insertProperty(class QtProperty *,class QtProperty *)" (?insertProperty@QtAbstractPropertyBrowser@@QAEPAVQtBrowserItem@@PAVQtProperty@@0@Z) 已在 QtSolutions_PropertyBrowser-head.lib(qtpropertybrowser.obj) 中定义；已忽略第二个定义
Qt5Designer.lib(qtpropertybrowser.obj) : warning LNK4006: "public: void __thiscall QtProperty::insertSubProperty(class QtProperty *,class QtProperty *)" (?insertSubProperty@QtProperty@@QAEXPAV1@0@Z) 已在 QtSolutions_PropertyBrowser-head.lib(qtpropertybrowser.obj) 中定义；已忽略第二个定义
Qt5Designer.lib(qtpropertybrowser.obj) : warning LNK4006: "public: void __thiscall QtAbstractPropertyBrowserPrivate::insertSubTree(class QtProperty *,class QtProperty *)" (?insertSubTree@QtAbstractPropertyBrowserPrivate@@QAEXPAVQtProperty@@0@Z) 已在 QtSolutions_PropertyBrowser-head.lib(qtpropertybrowser.obj) 中定义；已忽略第二个定义
Qt5Designer.lib(qtpropertybrowser.obj) : warning LNK4006: "public: bool __thiscall QtProperty::isEnabled(void)const " (?isEnabled@QtProperty@@QBE_NXZ) 已在 QtSolutions_PropertyBrowser-head.lib(qtpropertybrowser.obj) 中定义；已忽略第二个定义
Qt5Designer.lib(qtpropertybrowser.obj) : warning LNK4006: "public: bool __thiscall QtProperty::isModified(void)const " (?isModified@QtProperty@@QBE_NXZ) 已在 QtSolutions_PropertyBrowser-head.lib(qtpropertybrowser.obj) 中定义；已忽略第二个定义
Qt5Designer.lib(qtpropertybrowser.obj) : warning LNK4006: "public: class QList<class QtBrowserItem *> __thiscall QtAbstractPropertyBrowser::items(class QtProperty *)const " (?items@QtAbstractPropertyBrowser@@QBE?AV?$QList@PAVQtBrowserItem@@@@PAVQtProperty@@@Z) 已在 QtSolutions_PropertyBrowser-head.lib(qtpropertybrowser.obj) 中定义；已忽略第二个定义
Qt5Designer.lib(qtpropertybrowser.obj) : warning LNK4006: "public: virtual struct QMetaObject const * __thiscall QtAbstractEditorFactoryBase::metaObject(void)const " (?metaObject@QtAbstractEditorFactoryBase@@UBEPBUQMetaObject@@XZ) 已在 QtSolutions_PropertyBrowser-head.lib(qtpropertybrowser.obj) 中定义；已忽略第二个定义
Qt5Designer.lib(qtpropertybrowser.obj) : warning LNK4006: "public: virtual struct QMetaObject const * __thiscall QtAbstractPropertyBrowser::metaObject(void)const " (?metaObject@QtAbstractPropertyBrowser@@UBEPBUQMetaObject@@XZ) 已在 QtSolutions_PropertyBrowser-head.lib(qtpropertybrowser.obj) 中定义；已忽略第二个定义
Qt5Designer.lib(qtpropertybrowser.obj) : warning LNK4006: "public: virtual struct QMetaObject const * __thiscall QtAbstractPropertyManager::metaObject(void)const " (?metaObject@QtAbstractPropertyManager@@UBEPBUQMetaObject@@XZ) 已在 QtSolutions_PropertyBrowser-head.lib(qtpropertybrowser.obj) 中定义；已忽略第二个定义
Qt5Designer.lib(qtpropertybrowser.obj) : warning LNK4006: "public: class QtBrowserItem * __thiscall QtBrowserItem::parent(void)const " (?parent@QtBrowserItem@@QBEPAV1@XZ) 已在 QtSolutions_PropertyBrowser-head.lib(qtpropertybrowser.obj) 中定义；已忽略第二个定义
Qt5Designer.lib(qtpropertybrowser.obj) : warning LNK4006: "public: class QList<class QtProperty *> __thiscall QtAbstractPropertyBrowser::properties(void)const " (?properties@QtAbstractPropertyBrowser@@QBE?AV?$QList@PAVQtProperty@@@@XZ) 已在 QtSolutions_PropertyBrowser-head.lib(qtpropertybrowser.obj) 中定义；已忽略第二个定义
Qt5Designer.lib(qtpropertybrowser.obj) : warning LNK4006: "public: class QSet<class QtProperty *> __thiscall QtAbstractPropertyManager::properties(void)const " (?properties@QtAbstractPropertyManager@@QBE?AV?$QSet@PAVQtProperty@@@@XZ) 已在 QtSolutions_PropertyBrowser-head.lib(qtpropertybrowser.obj) 中定义；已忽略第二个定义
Qt5Designer.lib(qtpropertybrowser.obj) : warning LNK4006: "public: class QtProperty * __thiscall QtBrowserItem::property(void)const " (?property@QtBrowserItem@@QBEPAVQtProperty@@XZ) 已在 QtSolutions_PropertyBrowser-head.lib(qtpropertybrowser.obj) 中定义；已忽略第二个定义
Qt5Designer.lib(qtpropertybrowser.obj) : warning LNK4006: "public: void __thiscall QtAbstractPropertyManager::propertyChanged(class QtProperty *)" (?propertyChanged@QtAbstractPropertyManager@@QAEXPAVQtProperty@@@Z) 已在 QtSolutions_PropertyBrowser-head.lib(qtpropertybrowser.obj) 中定义；已忽略第二个定义
Qt5Designer.lib(qtpropertybrowser.obj) : warning LNK4006: "public: void __thiscall QtAbstractPropertyManagerPrivate::propertyChanged(class QtProperty *)const " (?propertyChanged@QtAbstractPropertyManagerPrivate@@QBEXPAVQtProperty@@@Z) 已在 QtSolutions_PropertyBrowser-head.lib(qtpropertybrowser.obj) 中定义；已忽略第二个定义
Qt5Designer.lib(qtpropertybrowser.obj) : warning LNK4006: "protected: void __thiscall QtProperty::propertyChanged(void)" (?propertyChanged@QtProperty@@IAEXXZ) 已在 QtSolutions_PropertyBrowser-head.lib(qtpropertybrowser.obj) 中定义；已忽略第二个定义
Qt5Designer.lib(qtpropertybrowser.obj) : warning LNK4006: "public: void __thiscall QtAbstractPropertyManager::propertyDestroyed(class QtProperty *)" (?propertyDestroyed@QtAbstractPropertyManager@@QAEXPAVQtProperty@@@Z) 已在 QtSolutions_PropertyBrowser-head.lib(qtpropertybrowser.obj) 中定义；已忽略第二个定义
Qt5Designer.lib(qtpropertybrowser.obj) : warning LNK4006: "public: void __thiscall QtAbstractPropertyManagerPrivate::propertyDestroyed(class QtProperty *)" (?propertyDestroyed@QtAbstractPropertyManagerPrivate@@QAEXPAVQtProperty@@@Z) 已在 QtSolutions_PropertyBrowser-head.lib(qtpropertybrowser.obj) 中定义；已忽略第二个定义
Qt5Designer.lib(qtpropertybrowser.obj) : warning LNK4006: "public: void __thiscall QtAbstractPropertyManager::propertyInserted(class QtProperty *,class QtProperty *,class QtProperty *)" (?propertyInserted@QtAbstractPropertyManager@@QAEXPAVQtProperty@@00@Z) 已在 QtSolutions_PropertyBrowser-head.lib(qtpropertybrowser.obj) 中定义；已忽略第二个定义
Qt5Designer.lib(qtpropertybrowser.obj) : warning LNK4006: "public: void __thiscall QtAbstractPropertyManagerPrivate::propertyInserted(class QtProperty *,class QtProperty *,class QtProperty *)const " (?propertyInserted@QtAbstractPropertyManagerPrivate@@QBEXPAVQtProperty@@00@Z) 已在 QtSolutions_PropertyBrowser-head.lib(qtpropertybrowser.obj) 中定义；已忽略第二个定义
Qt5Designer.lib(qtpropertybrowser.obj) : warning LNK4006: "public: class QtAbstractPropertyManager * __thiscall QtProperty::propertyManager(void)const " (?propertyManager@QtProperty@@QBEPAVQtAbstractPropertyManager@@XZ) 已在 QtSolutions_PropertyBrowser-head.lib(qtpropertybrowser.obj) 中定义；已忽略第二个定义
Qt5Designer.lib(qtpropertybrowser.obj) : warning LNK4006: "public: class QString __thiscall QtProperty::propertyName(void)const " (?propertyName@QtProperty@@QBE?AVQString@@XZ) 已在 QtSolutions_PropertyBrowser-head.lib(qtpropertybrowser.obj) 中定义；已忽略第二个定义
Qt5Designer.lib(qtpropertybrowser.obj) : warning LNK4006: "public: void __thiscall QtAbstractPropertyManager::propertyRemoved(class QtProperty *,class QtProperty *)" (?propertyRemoved@QtAbstractPropertyManager@@QAEXPAVQtProperty@@0@Z) 已在 QtSolutions_PropertyBrowser-head.lib(qtpropertybrowser.obj) 中定义；已忽略第二个定义
Qt5Designer.lib(qtpropertybrowser.obj) : warning LNK4006: "public: void __thiscall QtAbstractPropertyManagerPrivate::propertyRemoved(class QtProperty *,class QtProperty *)const " (?propertyRemoved@QtAbstractPropertyManagerPrivate@@QBEXPAVQtProperty@@0@Z) 已在 QtSolutions_PropertyBrowser-head.lib(qtpropertybrowser.obj) 中定义；已忽略第二个定义
Qt5Designer.lib(qtpropertybrowser.obj) : warning LNK4006: "public: virtual int __thiscall QtAbstractEditorFactoryBase::qt_metacall(enum QMetaObject::Call,int,void * *)" (?qt_metacall@QtAbstractEditorFactoryBase@@UAEHW4Call@QMetaObject@@HPAPAX@Z) 已在 QtSolutions_PropertyBrowser-head.lib(qtpropertybrowser.obj) 中定义；已忽略第二个定义
Qt5Designer.lib(qtpropertybrowser.obj) : warning LNK4006: "public: virtual int __thiscall QtAbstractPropertyBrowser::qt_metacall(enum QMetaObject::Call,int,void * *)" (?qt_metacall@QtAbstractPropertyBrowser@@UAEHW4Call@QMetaObject@@HPAPAX@Z) 已在 QtSolutions_PropertyBrowser-head.lib(qtpropertybrowser.obj) 中定义；已忽略第二个定义
Qt5Designer.lib(qtpropertybrowser.obj) : warning LNK4006: "public: virtual int __thiscall QtAbstractPropertyManager::qt_metacall(enum QMetaObject::Call,int,void * *)" (?qt_metacall@QtAbstractPropertyManager@@UAEHW4Call@QMetaObject@@HPAPAX@Z) 已在 QtSolutions_PropertyBrowser-head.lib(qtpropertybrowser.obj) 中定义；已忽略第二个定义
Qt5Designer.lib(qtpropertybrowser.obj) : warning LNK4006: "public: virtual void * __thiscall QtAbstractEditorFactoryBase::qt_metacast(char const *)" (?qt_metacast@QtAbstractEditorFactoryBase@@UAEPAXPBD@Z) 已在 QtSolutions_PropertyBrowser-head.lib(qtpropertybrowser.obj) 中定义；已忽略第二个定义
Qt5Designer.lib(qtpropertybrowser.obj) : warning LNK4006: "public: virtual void * __thiscall QtAbstractPropertyBrowser::qt_metacast(char const *)" (?qt_metacast@QtAbstractPropertyBrowser@@UAEPAXPBD@Z) 已在 QtSolutions_PropertyBrowser-head.lib(qtpropertybrowser.obj) 中定义；已忽略第二个定义
Qt5Designer.lib(qtpropertybrowser.obj) : warning LNK4006: "public: virtual void * __thiscall QtAbstractPropertyManager::qt_metacast(char const *)" (?qt_metacast@QtAbstractPropertyManager@@UAEPAXPBD@Z) 已在 QtSolutions_PropertyBrowser-head.lib(qtpropertybrowser.obj) 中定义；已忽略第二个定义
Qt5Designer.lib(qtpropertybrowser.obj) : warning LNK4006: "public: void __thiscall QtAbstractPropertyBrowserPrivate::removeBrowserIndex(class QtBrowserItem *)" (?removeBrowserIndex@QtAbstractPropertyBrowserPrivate@@QAEXPAVQtBrowserItem@@@Z) 已在 QtSolutions_PropertyBrowser-head.lib(qtpropertybrowser.obj) 中定义；已忽略第二个定义
Qt5Designer.lib(qtpropertybrowser.obj) : warning LNK4006: "public: void __thiscall QtAbstractPropertyBrowserPrivate::removeBrowserIndexes(class QtProperty *,class QtProperty *)" (?removeBrowserIndexes@QtAbstractPropertyBrowserPrivate@@QAEXPAVQtProperty@@0@Z) 已在 QtSolutions_PropertyBrowser-head.lib(qtpropertybrowser.obj) 中定义；已忽略第二个定义
Qt5Designer.lib(qtpropertybrowser.obj) : warning LNK4006: "public: void __thiscall QtBrowserItemPrivate::removeChild(class QtBrowserItem *)" (?removeChild@QtBrowserItemPrivate@@QAEXPAVQtBrowserItem@@@Z) 已在 QtSolutions_PropertyBrowser-head.lib(qtpropertybrowser.obj) 中定义；已忽略第二个定义
Qt5Designer.lib(qtpropertybrowser.obj) : warning LNK4006: "public: void __thiscall QtAbstractPropertyBrowser::removeProperty(class QtProperty *)" (?removeProperty@QtAbstractPropertyBrowser@@QAEXPAVQtProperty@@@Z) 已在 QtSolutions_PropertyBrowser-head.lib(qtpropertybrowser.obj) 中定义；已忽略第二个定义
Qt5Designer.lib(qtpropertybrowser.obj) : warning LNK4006: "public: void __thiscall QtProperty::removeSubProperty(class QtProperty *)" (?removeSubProperty@QtProperty@@QAEXPAV1@@Z) 已在 QtSolutions_PropertyBrowser-head.lib(qtpropertybrowser.obj) 中定义；已忽略第二个定义
Qt5Designer.lib(qtpropertybrowser.obj) : warning LNK4006: "public: void __thiscall QtAbstractPropertyBrowserPrivate::removeSubTree(class QtProperty *,class QtProperty *)" (?removeSubTree@QtAbstractPropertyBrowserPrivate@@QAEXPAVQtProperty@@0@Z) 已在 QtSolutions_PropertyBrowser-head.lib(qtpropertybrowser.obj) 中定义；已忽略第二个定义
Qt5Designer.lib(qtpropertybrowser.obj) : warning LNK4006: "public: void __thiscall QtAbstractPropertyBrowser::setCurrentItem(class QtBrowserItem *)" (?setCurrentItem@QtAbstractPropertyBrowser@@QAEXPAVQtBrowserItem@@@Z) 已在 QtSolutions_PropertyBrowser-head.lib(qtpropertybrowser.obj) 中定义；已忽略第二个定义
Qt5Designer.lib(qtpropertybrowser.obj) : warning LNK4006: "public: void __thiscall QtProperty::setEnabled(bool)" (?setEnabled@QtProperty@@QAEX_N@Z) 已在 QtSolutions_PropertyBrowser-head.lib(qtpropertybrowser.obj) 中定义；已忽略第二个定义
Qt5Designer.lib(qtpropertybrowser.obj) : warning LNK4006: "public: void __thiscall QtProperty::setModified(bool)" (?setModified@QtProperty@@QAEX_N@Z) 已在 QtSolutions_PropertyBrowser-head.lib(qtpropertybrowser.obj) 中定义；已忽略第二个定义
Qt5Designer.lib(qtpropertybrowser.obj) : warning LNK4006: "public: void __thiscall QtProperty::setPropertyName(class QString const &)" (?setPropertyName@QtProperty@@QAEXABVQString@@@Z) 已在 QtSolutions_PropertyBrowser-head.lib(qtpropertybrowser.obj) 中定义；已忽略第二个定义
Qt5Designer.lib(qtpropertybrowser.obj) : warning LNK4006: "public: void __thiscall QtProperty::setStatusTip(class QString const &)" (?setStatusTip@QtProperty@@QAEXABVQString@@@Z) 已在 QtSolutions_PropertyBrowser-head.lib(qtpropertybrowser.obj) 中定义；已忽略第二个定义
Qt5Designer.lib(qtpropertybrowser.obj) : warning LNK4006: "public: void __thiscall QtProperty::setWhatsThis(class QString const &)" (?setWhatsThis@QtProperty@@QAEXABVQString@@@Z) 已在 QtSolutions_PropertyBrowser-head.lib(qtpropertybrowser.obj) 中定义；已忽略第二个定义
Qt5Designer.lib(qtpropertybrowser.obj) : warning LNK4006: "public: void __thiscall QtAbstractPropertyBrowserPrivate::slotPropertyDataChanged(class QtProperty *)" (?slotPropertyDataChanged@QtAbstractPropertyBrowserPrivate@@QAEXPAVQtProperty@@@Z) 已在 QtSolutions_PropertyBrowser-head.lib(qtpropertybrowser.obj) 中定义；已忽略第二个定义
Qt5Designer.lib(qtpropertybrowser.obj) : warning LNK4006: "public: void __thiscall QtAbstractPropertyBrowserPrivate::slotPropertyDestroyed(class QtProperty *)" (?slotPropertyDestroyed@QtAbstractPropertyBrowserPrivate@@QAEXPAVQtProperty@@@Z) 已在 QtSolutions_PropertyBrowser-head.lib(qtpropertybrowser.obj) 中定义；已忽略第二个定义
Qt5Designer.lib(qtpropertybrowser.obj) : warning LNK4006: "public: void __thiscall QtAbstractPropertyBrowserPrivate::slotPropertyInserted(class QtProperty *,class QtProperty *,class QtProperty *)" (?slotPropertyInserted@QtAbstractPropertyBrowserPrivate@@QAEXPAVQtProperty@@00@Z) 已在 QtSolutions_PropertyBrowser-head.lib(qtpropertybrowser.obj) 中定义；已忽略第二个定义
Qt5Designer.lib(qtpropertybrowser.obj) : warning LNK4006: "public: void __thiscall QtAbstractPropertyBrowserPrivate::slotPropertyRemoved(class QtProperty *,class QtProperty *)" (?slotPropertyRemoved@QtAbstractPropertyBrowserPrivate@@QAEXPAVQtProperty@@0@Z) 已在 QtSolutions_PropertyBrowser-head.lib(qtpropertybrowser.obj) 中定义；已忽略第二个定义
Qt5Designer.lib(qtpropertybrowser.obj) : warning LNK4006: "public: class QString __thiscall QtProperty::statusTip(void)const " (?statusTip@QtProperty@@QBE?AVQString@@XZ) 已在 QtSolutions_PropertyBrowser-head.lib(qtpropertybrowser.obj) 中定义；已忽略第二个定义
Qt5Designer.lib(qtpropertybrowser.obj) : warning LNK4006: "public: class QList<class QtProperty *> __thiscall QtProperty::subProperties(void)const " (?subProperties@QtProperty@@QBE?AV?$QList@PAVQtProperty@@@@XZ) 已在 QtSolutions_PropertyBrowser-head.lib(qtpropertybrowser.obj) 中定义；已忽略第二个定义
Qt5Designer.lib(qtpropertybrowser.obj) : warning LNK4006: "public: class QtBrowserItem * __thiscall QtAbstractPropertyBrowser::topLevelItem(class QtProperty *)const " (?topLevelItem@QtAbstractPropertyBrowser@@QBEPAVQtBrowserItem@@PAVQtProperty@@@Z) 已在 QtSolutions_PropertyBrowser-head.lib(qtpropertybrowser.obj) 中定义；已忽略第二个定义
Qt5Designer.lib(qtpropertybrowser.obj) : warning LNK4006: "public: class QList<class QtBrowserItem *> __thiscall QtAbstractPropertyBrowser::topLevelItems(void)const " (?topLevelItems@QtAbstractPropertyBrowser@@QBE?AV?$QList@PAVQtBrowserItem@@@@XZ) 已在 QtSolutions_PropertyBrowser-head.lib(qtpropertybrowser.obj) 中定义；已忽略第二个定义
Qt5Designer.lib(qtpropertybrowser.obj) : warning LNK4006: "protected: virtual void __thiscall QtAbstractPropertyManager::uninitializeProperty(class QtProperty *)" (?uninitializeProperty@QtAbstractPropertyManager@@MAEXPAVQtProperty@@@Z) 已在 QtSolutions_PropertyBrowser-head.lib(qtpropertybrowser.obj) 中定义；已忽略第二个定义
Qt5Designer.lib(qtpropertybrowser.obj) : warning LNK4006: "public: void __thiscall QtAbstractPropertyBrowser::unsetFactoryForManager(class QtAbstractPropertyManager *)" (?unsetFactoryForManager@QtAbstractPropertyBrowser@@QAEXPAVQtAbstractPropertyManager@@@Z) 已在 QtSolutions_PropertyBrowser-head.lib(qtpropertybrowser.obj) 中定义；已忽略第二个定义
Qt5Designer.lib(qtpropertybrowser.obj) : warning LNK4006: "protected: virtual class QIcon __thiscall QtAbstractPropertyManager::valueIcon(class QtProperty const *)const " (?valueIcon@QtAbstractPropertyManager@@MBE?AVQIcon@@PBVQtProperty@@@Z) 已在 QtSolutions_PropertyBrowser-head.lib(qtpropertybrowser.obj) 中定义；已忽略第二个定义
Qt5Designer.lib(qtpropertybrowser.obj) : warning LNK4006: "public: class QIcon __thiscall QtProperty::valueIcon(void)const " (?valueIcon@QtProperty@@QBE?AVQIcon@@XZ) 已在 QtSolutions_PropertyBrowser-head.lib(qtpropertybrowser.obj) 中定义；已忽略第二个定义
Qt5Designer.lib(qtpropertybrowser.obj) : warning LNK4006: "protected: virtual class QString __thiscall QtAbstractPropertyManager::valueText(class QtProperty const *)const " (?valueText@QtAbstractPropertyManager@@MBE?AVQString@@PBVQtProperty@@@Z) 已在 QtSolutions_PropertyBrowser-head.lib(qtpropertybrowser.obj) 中定义；已忽略第二个定义
Qt5Designer.lib(qtpropertybrowser.obj) : warning LNK4006: "public: class QString __thiscall QtProperty::valueText(void)const " (?valueText@QtProperty@@QBE?AVQString@@XZ) 已在 QtSolutions_PropertyBrowser-head.lib(qtpropertybrowser.obj) 中定义；已忽略第二个定义
Qt5Designer.lib(qtpropertybrowser.obj) : warning LNK4006: "public: class QString __thiscall QtProperty::whatsThis(void)const " (?whatsThis@QtProperty@@QBE?AVQString@@XZ) 已在 QtSolutions_PropertyBrowser-head.lib(qtpropertybrowser.obj) 中定义；已忽略第二个定义
Qt5Designer.lib(qtpropertybrowser.obj) : warning LNK4006: "public: static struct QMetaObject const QtAbstractPropertyManager::staticMetaObject" (?staticMetaObject@QtAbstractPropertyManager@@2UQMetaObject@@B) 已在 QtSolutions_PropertyBrowser-head.lib(qtpropertybrowser.obj) 中定义；已忽略第二个定义
Qt5Designer.lib(qtpropertybrowser.obj) : warning LNK4006: "public: static struct QMetaObject const QtAbstractEditorFactoryBase::staticMetaObject" (?staticMetaObject@QtAbstractEditorFactoryBase@@2UQMetaObject@@B) 已在 QtSolutions_PropertyBrowser-head.lib(qtpropertybrowser.obj) 中定义；已忽略第二个定义
Qt5Designer.lib(qtpropertybrowser.obj) : warning LNK4006: "public: static struct QMetaObject const QtAbstractPropertyBrowser::staticMetaObject" (?staticMetaObject@QtAbstractPropertyBrowser@@2UQMetaObject@@B) 已在 QtSolutions_PropertyBrowser-head.lib(qtpropertybrowser.obj) 中定义；已忽略第二个定义
E:\Developments\Cadaqs\caNamespace\castudio\xcross\xlang\xlang\xlibrarys\QXLibrary\Win32\Release\QXLibrary.dll : warning LNK4088: 因 /FORCE 选项生成了映像；映像可能不能运行
  QXLibrary.vcxproj -> E:\Developments\Cadaqs\caNamespace\castudio\xcross\xlang\xlang\xlibrarys\QXLibrary\Win32\Release\QXLibrary.dll
